2025-01-27 13:12:08,761 - INFO - Epoch 1/50
2025-01-27 13:12:08,762 - INFO - --------------------
2025-01-27 13:12:11,836 - INFO - train Loss: 0.6649 Acc: 0.5834
2025-01-27 13:12:12,076 - INFO - val Loss: 0.8148 Acc: 0.4533
2025-01-27 13:12:12,305 - INFO - Confusion Matrix:
2025-01-27 13:12:12,305 - INFO - [[34  0]
 [41  0]]
2025-01-27 13:12:12,305 - INFO - F1 Score: 0.0000
2025-01-27 13:12:12,305 - INFO - False Positive Rate (FPR): 0.0000
2025-01-27 13:12:12,305 - INFO - False Negative Rate (FNR): 1.0000
2025-01-27 13:12:12,306 - INFO - AUC: 0.5900
2025-01-27 13:12:12,795 - INFO - Modelo salvo com nova melhor acurácia!
2025-01-27 13:12:12,795 - INFO - Epoch 2/50
2025-01-27 13:12:12,795 - INFO - --------------------
2025-01-27 13:12:14,913 - INFO - train Loss: 0.6323 Acc: 0.6538
2025-01-27 13:12:15,129 - INFO - val Loss: 1.3862 Acc: 0.4533
2025-01-27 13:12:15,362 - INFO - Confusion Matrix:
2025-01-27 13:12:15,363 - INFO - [[34  0]
 [41  0]]
2025-01-27 13:12:15,363 - INFO - F1 Score: 0.0000
2025-01-27 13:12:15,363 - INFO - False Positive Rate (FPR): 0.0000
2025-01-27 13:12:15,363 - INFO - False Negative Rate (FNR): 1.0000
2025-01-27 13:12:15,363 - INFO - AUC: 0.3321
2025-01-27 13:12:15,751 - INFO - Epoch 3/50
2025-01-27 13:12:15,751 - INFO - --------------------
2025-01-27 13:12:17,896 - INFO - train Loss: 0.5738 Acc: 0.6910
2025-01-27 13:12:18,136 - INFO - val Loss: 0.8392 Acc: 0.5467
2025-01-27 13:12:18,379 - INFO - Confusion Matrix:
2025-01-27 13:12:18,379 - INFO - [[33  1]
 [33  8]]
2025-01-27 13:12:18,379 - INFO - F1 Score: 0.3200
2025-01-27 13:12:18,379 - INFO - False Positive Rate (FPR): 0.0294
2025-01-27 13:12:18,379 - INFO - False Negative Rate (FNR): 0.8049
2025-01-27 13:12:18,379 - INFO - AUC: 0.3465
2025-01-27 13:12:19,000 - INFO - Modelo salvo com nova melhor acurácia!
2025-01-27 13:12:19,000 - INFO - Epoch 4/50
2025-01-27 13:12:19,000 - INFO - --------------------
2025-01-27 13:12:21,124 - INFO - train Loss: 0.4994 Acc: 0.7669
2025-01-27 13:12:21,357 - INFO - val Loss: 0.7740 Acc: 0.6000
2025-01-27 13:12:21,597 - INFO - Confusion Matrix:
2025-01-27 13:12:21,597 - INFO - [[25  9]
 [21 20]]
2025-01-27 13:12:21,597 - INFO - F1 Score: 0.5714
2025-01-27 13:12:21,597 - INFO - False Positive Rate (FPR): 0.2647
2025-01-27 13:12:21,597 - INFO - False Negative Rate (FNR): 0.5122
2025-01-27 13:12:21,597 - INFO - AUC: 0.5265
2025-01-27 13:12:22,046 - INFO - Modelo salvo com nova melhor acurácia!
2025-01-27 13:12:22,046 - INFO - Epoch 5/50
2025-01-27 13:12:22,047 - INFO - --------------------
2025-01-27 13:12:24,196 - INFO - train Loss: 0.3917 Acc: 0.8290
2025-01-27 13:12:24,431 - INFO - val Loss: 0.9912 Acc: 0.5067
2025-01-27 13:12:24,670 - INFO - Confusion Matrix:
2025-01-27 13:12:24,670 - INFO - [[32  2]
 [35  6]]
2025-01-27 13:12:24,670 - INFO - F1 Score: 0.2449
2025-01-27 13:12:24,670 - INFO - False Positive Rate (FPR): 0.0588
2025-01-27 13:12:24,670 - INFO - False Negative Rate (FNR): 0.8537
2025-01-27 13:12:24,670 - INFO - AUC: 0.2999
2025-01-27 13:12:25,064 - INFO - Epoch 6/50
2025-01-27 13:12:25,064 - INFO - --------------------
2025-01-27 13:12:27,190 - INFO - train Loss: 0.2452 Acc: 0.9076
2025-01-27 13:12:27,412 - INFO - val Loss: 0.7429 Acc: 0.6667
2025-01-27 13:12:27,672 - INFO - Confusion Matrix:
2025-01-27 13:12:27,672 - INFO - [[20 14]
 [11 30]]
2025-01-27 13:12:27,672 - INFO - F1 Score: 0.7059
2025-01-27 13:12:27,672 - INFO - False Positive Rate (FPR): 0.4118
2025-01-27 13:12:27,672 - INFO - False Negative Rate (FNR): 0.2683
2025-01-27 13:12:27,672 - INFO - AUC: 0.6650
2025-01-27 13:12:28,138 - INFO - Modelo salvo com nova melhor acurácia!
2025-01-27 13:12:28,138 - INFO - Epoch 7/50
2025-01-27 13:12:28,138 - INFO - --------------------
2025-01-27 13:12:30,298 - INFO - train Loss: 0.1712 Acc: 0.9366
2025-01-27 13:12:30,526 - INFO - val Loss: 1.8271 Acc: 0.4933
2025-01-27 13:12:30,741 - INFO - Confusion Matrix:
2025-01-27 13:12:30,742 - INFO - [[34  0]
 [38  3]]
2025-01-27 13:12:30,742 - INFO - F1 Score: 0.1364
2025-01-27 13:12:30,742 - INFO - False Positive Rate (FPR): 0.0000
2025-01-27 13:12:30,742 - INFO - False Negative Rate (FNR): 0.9268
2025-01-27 13:12:30,742 - INFO - AUC: 0.2984
2025-01-27 13:12:31,129 - INFO - Epoch 8/50
2025-01-27 13:12:31,129 - INFO - --------------------
2025-01-27 13:12:33,263 - INFO - train Loss: 0.0991 Acc: 0.9724
2025-01-27 13:12:33,483 - INFO - val Loss: 1.0349 Acc: 0.6267
2025-01-27 13:12:33,727 - INFO - Confusion Matrix:
2025-01-27 13:12:33,727 - INFO - [[28  6]
 [22 19]]
2025-01-27 13:12:33,727 - INFO - F1 Score: 0.5758
2025-01-27 13:12:33,727 - INFO - False Positive Rate (FPR): 0.1765
2025-01-27 13:12:33,727 - INFO - False Negative Rate (FNR): 0.5366
2025-01-27 13:12:33,727 - INFO - AUC: 0.4498
2025-01-27 13:12:34,140 - INFO - Epoch 9/50
2025-01-27 13:12:34,140 - INFO - --------------------
2025-01-27 13:12:36,306 - INFO - train Loss: 0.0789 Acc: 0.9807
2025-01-27 13:12:36,545 - INFO - val Loss: 2.0700 Acc: 0.5067
2025-01-27 13:12:36,798 - INFO - Confusion Matrix:
2025-01-27 13:12:36,798 - INFO - [[34  0]
 [37  4]]
2025-01-27 13:12:36,798 - INFO - F1 Score: 0.1778
2025-01-27 13:12:36,798 - INFO - False Positive Rate (FPR): 0.0000
2025-01-27 13:12:36,798 - INFO - False Negative Rate (FNR): 0.9024
2025-01-27 13:12:36,798 - INFO - AUC: 0.3343
2025-01-27 13:12:37,172 - INFO - Epoch 10/50
2025-01-27 13:12:37,172 - INFO - --------------------
2025-01-27 13:12:39,290 - INFO - train Loss: 0.1079 Acc: 0.9655
2025-01-27 13:12:39,515 - INFO - val Loss: 1.0993 Acc: 0.6267
2025-01-27 13:12:39,759 - INFO - Confusion Matrix:
2025-01-27 13:12:39,760 - INFO - [[18 16]
 [12 29]]
2025-01-27 13:12:39,760 - INFO - F1 Score: 0.6744
2025-01-27 13:12:39,760 - INFO - False Positive Rate (FPR): 0.4706
2025-01-27 13:12:39,760 - INFO - False Negative Rate (FNR): 0.2927
2025-01-27 13:12:39,760 - INFO - AUC: 0.6915
2025-01-27 13:12:40,143 - INFO - Epoch 11/50
2025-01-27 13:12:40,143 - INFO - --------------------
2025-01-27 13:12:42,272 - INFO - train Loss: 0.1213 Acc: 0.9462
2025-01-27 13:12:42,504 - INFO - val Loss: 1.0989 Acc: 0.6133
2025-01-27 13:12:42,728 - INFO - Confusion Matrix:
2025-01-27 13:12:42,728 - INFO - [[13 21]
 [ 8 33]]
2025-01-27 13:12:42,728 - INFO - F1 Score: 0.6947
2025-01-27 13:12:42,728 - INFO - False Positive Rate (FPR): 0.6176
2025-01-27 13:12:42,728 - INFO - False Negative Rate (FNR): 0.1951
2025-01-27 13:12:42,728 - INFO - AUC: 0.6485
2025-01-27 13:12:43,117 - INFO - Epoch 12/50
2025-01-27 13:12:43,117 - INFO - --------------------
2025-01-27 13:12:45,289 - INFO - train Loss: 0.0580 Acc: 0.9821
2025-01-27 13:12:45,537 - INFO - val Loss: 0.8890 Acc: 0.6267
2025-01-27 13:12:45,766 - INFO - Confusion Matrix:
2025-01-27 13:12:45,766 - INFO - [[26  8]
 [20 21]]
2025-01-27 13:12:45,766 - INFO - F1 Score: 0.6000
2025-01-27 13:12:45,766 - INFO - False Positive Rate (FPR): 0.2353
2025-01-27 13:12:45,766 - INFO - False Negative Rate (FNR): 0.4878
2025-01-27 13:12:45,766 - INFO - AUC: 0.5832
2025-01-27 13:12:46,141 - INFO - Epoch 13/50
2025-01-27 13:12:46,141 - INFO - --------------------
2025-01-27 13:12:48,271 - INFO - train Loss: 0.0597 Acc: 0.9834
2025-01-27 13:12:48,510 - INFO - val Loss: 1.2686 Acc: 0.6267
2025-01-27 13:12:48,748 - INFO - Confusion Matrix:
2025-01-27 13:12:48,748 - INFO - [[30  4]
 [24 17]]
2025-01-27 13:12:48,748 - INFO - F1 Score: 0.5484
2025-01-27 13:12:48,748 - INFO - False Positive Rate (FPR): 0.1176
2025-01-27 13:12:48,748 - INFO - False Negative Rate (FNR): 0.5854
2025-01-27 13:12:48,749 - INFO - AUC: 0.4397
2025-01-27 13:12:49,146 - INFO - Epoch 14/50
2025-01-27 13:12:49,146 - INFO - --------------------
2025-01-27 13:12:51,312 - INFO - train Loss: 0.0318 Acc: 0.9931
2025-01-27 13:12:51,549 - INFO - val Loss: 1.1170 Acc: 0.6400
2025-01-27 13:12:51,789 - INFO - Confusion Matrix:
2025-01-27 13:12:51,789 - INFO - [[24 10]
 [17 24]]
2025-01-27 13:12:51,790 - INFO - F1 Score: 0.6400
2025-01-27 13:12:51,790 - INFO - False Positive Rate (FPR): 0.2941
2025-01-27 13:12:51,790 - INFO - False Negative Rate (FNR): 0.4146
2025-01-27 13:12:51,790 - INFO - AUC: 0.5976
2025-01-27 13:12:52,386 - INFO - Epoch 15/50
2025-01-27 13:12:52,387 - INFO - --------------------
2025-01-27 13:12:54,525 - INFO - train Loss: 0.0350 Acc: 0.9903
2025-01-27 13:12:54,769 - INFO - val Loss: 1.6006 Acc: 0.5467
2025-01-27 13:12:55,008 - INFO - Confusion Matrix:
2025-01-27 13:12:55,009 - INFO - [[ 6 28]
 [ 6 35]]
2025-01-27 13:12:55,009 - INFO - F1 Score: 0.6731
2025-01-27 13:12:55,009 - INFO - False Positive Rate (FPR): 0.8235
2025-01-27 13:12:55,009 - INFO - False Negative Rate (FNR): 0.1463
2025-01-27 13:12:55,009 - INFO - AUC: 0.6901
2025-01-27 13:12:55,391 - INFO - Epoch 16/50
2025-01-27 13:12:55,391 - INFO - --------------------
2025-01-27 13:12:57,529 - INFO - train Loss: 0.0494 Acc: 0.9862
2025-01-27 13:12:57,763 - INFO - val Loss: 0.9432 Acc: 0.6267
2025-01-27 13:12:57,996 - INFO - Confusion Matrix:
2025-01-27 13:12:57,996 - INFO - [[20 14]
 [14 27]]
2025-01-27 13:12:57,996 - INFO - F1 Score: 0.6585
2025-01-27 13:12:57,996 - INFO - False Positive Rate (FPR): 0.4118
2025-01-27 13:12:57,996 - INFO - False Negative Rate (FNR): 0.3415
2025-01-27 13:12:57,996 - INFO - AUC: 0.6528
2025-01-27 13:12:58,356 - INFO - Epoch 17/50
2025-01-27 13:12:58,356 - INFO - --------------------
2025-01-27 13:13:00,477 - INFO - train Loss: 0.0281 Acc: 0.9903
2025-01-27 13:13:00,730 - INFO - val Loss: 1.0297 Acc: 0.6667
2025-01-27 13:13:00,990 - INFO - Confusion Matrix:
2025-01-27 13:13:00,990 - INFO - [[28  6]
 [19 22]]
2025-01-27 13:13:00,990 - INFO - F1 Score: 0.6377
2025-01-27 13:13:00,990 - INFO - False Positive Rate (FPR): 0.1765
2025-01-27 13:13:00,990 - INFO - False Negative Rate (FNR): 0.4634
2025-01-27 13:13:00,990 - INFO - AUC: 0.5509
2025-01-27 13:13:01,349 - INFO - Epoch 18/50
2025-01-27 13:13:01,349 - INFO - --------------------
2025-01-27 13:13:03,482 - INFO - train Loss: 0.0542 Acc: 0.9793
2025-01-27 13:13:03,720 - INFO - val Loss: 1.2105 Acc: 0.6267
2025-01-27 13:13:03,952 - INFO - Confusion Matrix:
2025-01-27 13:13:03,952 - INFO - [[31  3]
 [25 16]]
2025-01-27 13:13:03,952 - INFO - F1 Score: 0.5333
2025-01-27 13:13:03,952 - INFO - False Positive Rate (FPR): 0.0882
2025-01-27 13:13:03,953 - INFO - False Negative Rate (FNR): 0.6098
2025-01-27 13:13:03,953 - INFO - AUC: 0.3178
2025-01-27 13:13:04,336 - INFO - Epoch 19/50
2025-01-27 13:13:04,336 - INFO - --------------------
2025-01-27 13:13:06,471 - INFO - train Loss: 0.0289 Acc: 0.9903
2025-01-27 13:13:06,712 - INFO - val Loss: 1.6972 Acc: 0.5867
2025-01-27 13:13:06,945 - INFO - Confusion Matrix:
2025-01-27 13:13:06,946 - INFO - [[33  1]
 [30 11]]
2025-01-27 13:13:06,946 - INFO - F1 Score: 0.4151
2025-01-27 13:13:06,946 - INFO - False Positive Rate (FPR): 0.0294
2025-01-27 13:13:06,946 - INFO - False Negative Rate (FNR): 0.7317
2025-01-27 13:13:06,946 - INFO - AUC: 0.2209
2025-01-27 13:13:07,324 - INFO - Epoch 20/50
2025-01-27 13:13:07,324 - INFO - --------------------
2025-01-27 13:13:09,456 - INFO - train Loss: 0.0317 Acc: 0.9862
2025-01-27 13:13:09,671 - INFO - val Loss: 2.6532 Acc: 0.5067
2025-01-27 13:13:09,910 - INFO - Confusion Matrix:
2025-01-27 13:13:09,911 - INFO - [[34  0]
 [37  4]]
2025-01-27 13:13:09,911 - INFO - F1 Score: 0.1778
2025-01-27 13:13:09,911 - INFO - False Positive Rate (FPR): 0.0000
2025-01-27 13:13:09,911 - INFO - False Negative Rate (FNR): 0.9024
2025-01-27 13:13:09,911 - INFO - AUC: 0.2504
2025-01-27 13:13:10,279 - INFO - Epoch 21/50
2025-01-27 13:13:10,279 - INFO - --------------------
2025-01-27 13:13:12,435 - INFO - train Loss: 0.0415 Acc: 0.9848
2025-01-27 13:13:12,689 - INFO - val Loss: 1.1900 Acc: 0.6533
2025-01-27 13:13:12,942 - INFO - Confusion Matrix:
2025-01-27 13:13:12,942 - INFO - [[30  4]
 [22 19]]
2025-01-27 13:13:12,942 - INFO - F1 Score: 0.5938
2025-01-27 13:13:12,942 - INFO - False Positive Rate (FPR): 0.1176
2025-01-27 13:13:12,942 - INFO - False Negative Rate (FNR): 0.5366
2025-01-27 13:13:12,942 - INFO - AUC: 0.4857
2025-01-27 13:13:13,320 - INFO - Epoch 22/50
2025-01-27 13:13:13,320 - INFO - --------------------
2025-01-27 13:13:15,457 - INFO - train Loss: 0.0392 Acc: 0.9862
2025-01-27 13:13:15,709 - INFO - val Loss: 1.1545 Acc: 0.6533
2025-01-27 13:13:15,959 - INFO - Confusion Matrix:
2025-01-27 13:13:15,960 - INFO - [[28  6]
 [20 21]]
2025-01-27 13:13:15,960 - INFO - F1 Score: 0.6176
2025-01-27 13:13:15,960 - INFO - False Positive Rate (FPR): 0.1765
2025-01-27 13:13:15,960 - INFO - False Negative Rate (FNR): 0.4878
2025-01-27 13:13:15,960 - INFO - AUC: 0.5265
2025-01-27 13:13:16,313 - INFO - Epoch 23/50
2025-01-27 13:13:16,313 - INFO - --------------------
2025-01-27 13:13:18,439 - INFO - train Loss: 0.0459 Acc: 0.9848
2025-01-27 13:13:18,658 - INFO - val Loss: 1.6489 Acc: 0.5733
2025-01-27 13:13:18,891 - INFO - Confusion Matrix:
2025-01-27 13:13:18,891 - INFO - [[32  2]
 [30 11]]
2025-01-27 13:13:18,891 - INFO - F1 Score: 0.4074
2025-01-27 13:13:18,892 - INFO - False Positive Rate (FPR): 0.0588
2025-01-27 13:13:18,892 - INFO - False Negative Rate (FNR): 0.7317
2025-01-27 13:13:18,892 - INFO - AUC: 0.2884
2025-01-27 13:13:19,301 - INFO - Epoch 24/50
2025-01-27 13:13:19,301 - INFO - --------------------
2025-01-27 13:13:21,480 - INFO - train Loss: 0.0365 Acc: 0.9890
2025-01-27 13:13:21,714 - INFO - val Loss: 1.4254 Acc: 0.6000
2025-01-27 13:13:21,969 - INFO - Confusion Matrix:
2025-01-27 13:13:21,970 - INFO - [[30  4]
 [26 15]]
2025-01-27 13:13:21,970 - INFO - F1 Score: 0.5000
2025-01-27 13:13:21,970 - INFO - False Positive Rate (FPR): 0.1176
2025-01-27 13:13:21,970 - INFO - False Negative Rate (FNR): 0.6341
2025-01-27 13:13:21,970 - INFO - AUC: 0.4060
2025-01-27 13:13:22,355 - INFO - Epoch 25/50
2025-01-27 13:13:22,355 - INFO - --------------------
2025-01-27 13:13:24,478 - INFO - train Loss: 0.0259 Acc: 0.9959
2025-01-27 13:13:24,715 - INFO - val Loss: 0.9510 Acc: 0.6933
2025-01-27 13:13:24,954 - INFO - Confusion Matrix:
2025-01-27 13:13:24,954 - INFO - [[27  7]
 [16 25]]
2025-01-27 13:13:24,954 - INFO - F1 Score: 0.6849
2025-01-27 13:13:24,954 - INFO - False Positive Rate (FPR): 0.2059
2025-01-27 13:13:24,954 - INFO - False Negative Rate (FNR): 0.3902
2025-01-27 13:13:24,954 - INFO - AUC: 0.4978
2025-01-27 13:13:25,384 - INFO - Modelo salvo com nova melhor acurácia!
2025-01-27 13:13:25,384 - INFO - Epoch 26/50
2025-01-27 13:13:25,384 - INFO - --------------------
2025-01-27 13:13:27,538 - INFO - train Loss: 0.0207 Acc: 0.9959
2025-01-27 13:13:27,788 - INFO - val Loss: 1.2807 Acc: 0.6400
2025-01-27 13:13:28,031 - INFO - Confusion Matrix:
2025-01-27 13:13:28,032 - INFO - [[27  7]
 [20 21]]
2025-01-27 13:13:28,032 - INFO - F1 Score: 0.6087
2025-01-27 13:13:28,032 - INFO - False Positive Rate (FPR): 0.2059
2025-01-27 13:13:28,032 - INFO - False Negative Rate (FNR): 0.4878
2025-01-27 13:13:28,032 - INFO - AUC: 0.4756
2025-01-27 13:13:28,389 - INFO - Epoch 27/50
2025-01-27 13:13:28,390 - INFO - --------------------
2025-01-27 13:13:30,528 - INFO - train Loss: 0.0127 Acc: 1.0000
2025-01-27 13:13:30,780 - INFO - val Loss: 1.3208 Acc: 0.6267
2025-01-27 13:13:31,021 - INFO - Confusion Matrix:
2025-01-27 13:13:31,021 - INFO - [[27  7]
 [21 20]]
2025-01-27 13:13:31,021 - INFO - F1 Score: 0.5882
2025-01-27 13:13:31,021 - INFO - False Positive Rate (FPR): 0.2059
2025-01-27 13:13:31,021 - INFO - False Negative Rate (FNR): 0.5122
2025-01-27 13:13:31,021 - INFO - AUC: 0.4247
2025-01-27 13:13:31,629 - INFO - Epoch 28/50
2025-01-27 13:13:31,630 - INFO - --------------------
2025-01-27 13:13:33,744 - INFO - train Loss: 0.0138 Acc: 0.9959
2025-01-27 13:13:33,981 - INFO - val Loss: 1.4205 Acc: 0.6267
2025-01-27 13:13:34,227 - INFO - Confusion Matrix:
2025-01-27 13:13:34,227 - INFO - [[29  5]
 [23 18]]
2025-01-27 13:13:34,227 - INFO - F1 Score: 0.5625
2025-01-27 13:13:34,227 - INFO - False Positive Rate (FPR): 0.1471
2025-01-27 13:13:34,227 - INFO - False Negative Rate (FNR): 0.5610
2025-01-27 13:13:34,227 - INFO - AUC: 0.3989
2025-01-27 13:13:34,574 - INFO - Epoch 29/50
2025-01-27 13:13:34,574 - INFO - --------------------
2025-01-27 13:13:36,717 - INFO - train Loss: 0.0083 Acc: 0.9986
2025-01-27 13:13:36,958 - INFO - val Loss: 1.3756 Acc: 0.6400
2025-01-27 13:13:37,207 - INFO - Confusion Matrix:
2025-01-27 13:13:37,208 - INFO - [[28  6]
 [21 20]]
2025-01-27 13:13:37,208 - INFO - F1 Score: 0.5970
2025-01-27 13:13:37,208 - INFO - False Positive Rate (FPR): 0.1765
2025-01-27 13:13:37,208 - INFO - False Negative Rate (FNR): 0.5122
2025-01-27 13:13:37,208 - INFO - AUC: 0.5100
2025-01-27 13:13:37,601 - INFO - Epoch 30/50
2025-01-27 13:13:37,601 - INFO - --------------------
2025-01-27 13:13:39,736 - INFO - train Loss: 0.0312 Acc: 0.9876
2025-01-27 13:13:39,981 - INFO - val Loss: 1.1497 Acc: 0.6267
2025-01-27 13:13:40,214 - INFO - Confusion Matrix:
2025-01-27 13:13:40,214 - INFO - [[28  6]
 [22 19]]
2025-01-27 13:13:40,214 - INFO - F1 Score: 0.5758
2025-01-27 13:13:40,214 - INFO - False Positive Rate (FPR): 0.1765
2025-01-27 13:13:40,214 - INFO - False Negative Rate (FNR): 0.5366
2025-01-27 13:13:40,214 - INFO - AUC: 0.4706
2025-01-27 13:13:40,563 - INFO - Epoch 31/50
2025-01-27 13:13:40,563 - INFO - --------------------
2025-01-27 13:13:42,706 - INFO - train Loss: 0.0174 Acc: 0.9945
2025-01-27 13:13:42,946 - INFO - val Loss: 1.5059 Acc: 0.6133
2025-01-27 13:13:43,178 - INFO - Confusion Matrix:
2025-01-27 13:13:43,178 - INFO - [[31  3]
 [26 15]]
2025-01-27 13:13:43,178 - INFO - F1 Score: 0.5085
2025-01-27 13:13:43,178 - INFO - False Positive Rate (FPR): 0.0882
2025-01-27 13:13:43,178 - INFO - False Negative Rate (FNR): 0.6341
2025-01-27 13:13:43,178 - INFO - AUC: 0.3852
2025-01-27 13:13:43,527 - INFO - Epoch 32/50
2025-01-27 13:13:43,527 - INFO - --------------------
2025-01-27 13:13:45,647 - INFO - train Loss: 0.0440 Acc: 0.9876
2025-01-27 13:13:45,884 - INFO - val Loss: 1.7663 Acc: 0.6000
2025-01-27 13:13:46,117 - INFO - Confusion Matrix:
2025-01-27 13:13:46,117 - INFO - [[32  2]
 [28 13]]
2025-01-27 13:13:46,117 - INFO - F1 Score: 0.4643
2025-01-27 13:13:46,118 - INFO - False Positive Rate (FPR): 0.0588
2025-01-27 13:13:46,118 - INFO - False Negative Rate (FNR): 0.6829
2025-01-27 13:13:46,118 - INFO - AUC: 0.3938
2025-01-27 13:13:46,434 - INFO - Epoch 33/50
2025-01-27 13:13:46,434 - INFO - --------------------
2025-01-27 13:13:48,570 - INFO - train Loss: 0.0346 Acc: 0.9931
2025-01-27 13:13:48,826 - INFO - val Loss: 0.9730 Acc: 0.6533
2025-01-27 13:13:49,092 - INFO - Confusion Matrix:
2025-01-27 13:13:49,092 - INFO - [[26  8]
 [18 23]]
2025-01-27 13:13:49,092 - INFO - F1 Score: 0.6389
2025-01-27 13:13:49,092 - INFO - False Positive Rate (FPR): 0.2353
2025-01-27 13:13:49,092 - INFO - False Negative Rate (FNR): 0.4390
2025-01-27 13:13:49,092 - INFO - AUC: 0.5416
2025-01-27 13:13:49,481 - INFO - Epoch 34/50
2025-01-27 13:13:49,481 - INFO - --------------------
2025-01-27 13:13:51,638 - INFO - train Loss: 0.0234 Acc: 0.9931
2025-01-27 13:13:51,903 - INFO - val Loss: 1.1421 Acc: 0.6267
2025-01-27 13:13:52,160 - INFO - Confusion Matrix:
2025-01-27 13:13:52,160 - INFO - [[26  8]
 [20 21]]
2025-01-27 13:13:52,160 - INFO - F1 Score: 0.6000
2025-01-27 13:13:52,160 - INFO - False Positive Rate (FPR): 0.2353
2025-01-27 13:13:52,160 - INFO - False Negative Rate (FNR): 0.4878
2025-01-27 13:13:52,160 - INFO - AUC: 0.4297
2025-01-27 13:13:52,514 - INFO - Epoch 35/50
2025-01-27 13:13:52,514 - INFO - --------------------
2025-01-27 13:13:54,663 - INFO - train Loss: 0.0163 Acc: 0.9959
2025-01-27 13:13:54,903 - INFO - val Loss: 1.2264 Acc: 0.6267
2025-01-27 13:13:55,142 - INFO - Confusion Matrix:
2025-01-27 13:13:55,142 - INFO - [[27  7]
 [21 20]]
2025-01-27 13:13:55,142 - INFO - F1 Score: 0.5882
2025-01-27 13:13:55,142 - INFO - False Positive Rate (FPR): 0.2059
2025-01-27 13:13:55,142 - INFO - False Negative Rate (FNR): 0.5122
2025-01-27 13:13:55,142 - INFO - AUC: 0.4534
2025-01-27 13:13:55,447 - INFO - Epoch 36/50
2025-01-27 13:13:55,447 - INFO - --------------------
2025-01-27 13:13:57,584 - INFO - train Loss: 0.0098 Acc: 0.9986
2025-01-27 13:13:57,842 - INFO - val Loss: 1.1034 Acc: 0.6533
2025-01-27 13:13:58,102 - INFO - Confusion Matrix:
2025-01-27 13:13:58,102 - INFO - [[25  9]
 [17 24]]
2025-01-27 13:13:58,102 - INFO - F1 Score: 0.6486
2025-01-27 13:13:58,102 - INFO - False Positive Rate (FPR): 0.2647
2025-01-27 13:13:58,102 - INFO - False Negative Rate (FNR): 0.4146
2025-01-27 13:13:58,102 - INFO - AUC: 0.5524
2025-01-27 13:13:58,461 - INFO - Epoch 37/50
2025-01-27 13:13:58,461 - INFO - --------------------
2025-01-27 13:14:00,584 - INFO - train Loss: 0.0150 Acc: 0.9959
2025-01-27 13:14:00,839 - INFO - val Loss: 1.1734 Acc: 0.6133
2025-01-27 13:14:01,062 - INFO - Confusion Matrix:
2025-01-27 13:14:01,063 - INFO - [[25  9]
 [20 21]]
2025-01-27 13:14:01,063 - INFO - F1 Score: 0.5915
2025-01-27 13:14:01,063 - INFO - False Positive Rate (FPR): 0.2647
2025-01-27 13:14:01,063 - INFO - False Negative Rate (FNR): 0.4878
2025-01-27 13:14:01,063 - INFO - AUC: 0.4763
2025-01-27 13:14:01,371 - INFO - Epoch 38/50
2025-01-27 13:14:01,371 - INFO - --------------------
2025-01-27 13:14:03,519 - INFO - train Loss: 0.0213 Acc: 0.9945
2025-01-27 13:14:03,774 - INFO - val Loss: 1.2951 Acc: 0.6133
2025-01-27 13:14:04,039 - INFO - Confusion Matrix:
2025-01-27 13:14:04,040 - INFO - [[28  6]
 [23 18]]
2025-01-27 13:14:04,040 - INFO - F1 Score: 0.5538
2025-01-27 13:14:04,040 - INFO - False Positive Rate (FPR): 0.1765
2025-01-27 13:14:04,040 - INFO - False Negative Rate (FNR): 0.5610
2025-01-27 13:14:04,040 - INFO - AUC: 0.5194
2025-01-27 13:14:04,441 - INFO - Epoch 39/50
2025-01-27 13:14:04,441 - INFO - --------------------
2025-01-27 13:14:06,597 - INFO - train Loss: 0.0141 Acc: 0.9986
2025-01-27 13:14:06,854 - INFO - val Loss: 1.3589 Acc: 0.6133
2025-01-27 13:14:07,093 - INFO - Confusion Matrix:
2025-01-27 13:14:07,093 - INFO - [[30  4]
 [25 16]]
2025-01-27 13:14:07,094 - INFO - F1 Score: 0.5246
2025-01-27 13:14:07,094 - INFO - False Positive Rate (FPR): 0.1176
2025-01-27 13:14:07,094 - INFO - False Negative Rate (FNR): 0.6098
2025-01-27 13:14:07,094 - INFO - AUC: 0.5273
2025-01-27 13:14:07,418 - INFO - Epoch 40/50
2025-01-27 13:14:07,419 - INFO - --------------------
2025-01-27 13:14:09,547 - INFO - train Loss: 0.0173 Acc: 0.9945
2025-01-27 13:14:09,794 - INFO - val Loss: 1.2632 Acc: 0.5867
2025-01-27 13:14:10,040 - INFO - Confusion Matrix:
2025-01-27 13:14:10,041 - INFO - [[26  8]
 [23 18]]
2025-01-27 13:14:10,041 - INFO - F1 Score: 0.5373
2025-01-27 13:14:10,041 - INFO - False Positive Rate (FPR): 0.2353
2025-01-27 13:14:10,041 - INFO - False Negative Rate (FNR): 0.5610
2025-01-27 13:14:10,041 - INFO - AUC: 0.5086
2025-01-27 13:14:10,399 - INFO - Epoch 41/50
2025-01-27 13:14:10,399 - INFO - --------------------
2025-01-27 13:14:12,556 - INFO - train Loss: 0.0071 Acc: 0.9986
2025-01-27 13:14:12,801 - INFO - val Loss: 1.3545 Acc: 0.6000
2025-01-27 13:14:13,049 - INFO - Confusion Matrix:
2025-01-27 13:14:13,049 - INFO - [[25  9]
 [21 20]]
2025-01-27 13:14:13,049 - INFO - F1 Score: 0.5714
2025-01-27 13:14:13,049 - INFO - False Positive Rate (FPR): 0.2647
2025-01-27 13:14:13,049 - INFO - False Negative Rate (FNR): 0.5122
2025-01-27 13:14:13,049 - INFO - AUC: 0.5036
2025-01-27 13:14:13,398 - INFO - Epoch 42/50
2025-01-27 13:14:13,398 - INFO - --------------------
2025-01-27 13:14:15,550 - INFO - train Loss: 0.0061 Acc: 0.9986
2025-01-27 13:14:15,796 - INFO - val Loss: 1.5194 Acc: 0.5867
2025-01-27 13:14:16,060 - INFO - Confusion Matrix:
2025-01-27 13:14:16,060 - INFO - [[29  5]
 [26 15]]
2025-01-27 13:14:16,060 - INFO - F1 Score: 0.4918
2025-01-27 13:14:16,060 - INFO - False Positive Rate (FPR): 0.1471
2025-01-27 13:14:16,060 - INFO - False Negative Rate (FNR): 0.6341
2025-01-27 13:14:16,060 - INFO - AUC: 0.4756
2025-01-27 13:14:16,372 - INFO - Epoch 43/50
2025-01-27 13:14:16,372 - INFO - --------------------
2025-01-27 13:14:18,516 - INFO - train Loss: 0.0111 Acc: 0.9972
2025-01-27 13:14:18,756 - INFO - val Loss: 1.8266 Acc: 0.5867
2025-01-27 13:14:18,989 - INFO - Confusion Matrix:
2025-01-27 13:14:18,989 - INFO - [[32  2]
 [29 12]]
2025-01-27 13:14:18,989 - INFO - F1 Score: 0.4364
2025-01-27 13:14:18,989 - INFO - False Positive Rate (FPR): 0.0588
2025-01-27 13:14:18,989 - INFO - False Negative Rate (FNR): 0.7073
2025-01-27 13:14:18,989 - INFO - AUC: 0.3795
2025-01-27 13:14:19,682 - INFO - Epoch 44/50
2025-01-27 13:14:19,682 - INFO - --------------------
2025-01-27 13:14:21,816 - INFO - train Loss: 0.0141 Acc: 0.9945
2025-01-27 13:14:22,054 - INFO - val Loss: 1.2588 Acc: 0.6000
2025-01-27 13:14:22,288 - INFO - Confusion Matrix:
2025-01-27 13:14:22,288 - INFO - [[22 12]
 [18 23]]
2025-01-27 13:14:22,288 - INFO - F1 Score: 0.6053
2025-01-27 13:14:22,288 - INFO - False Positive Rate (FPR): 0.3529
2025-01-27 13:14:22,288 - INFO - False Negative Rate (FNR): 0.4390
2025-01-27 13:14:22,288 - INFO - AUC: 0.5603
2025-01-27 13:14:22,619 - INFO - Epoch 45/50
2025-01-27 13:14:22,619 - INFO - --------------------
2025-01-27 13:14:24,752 - INFO - train Loss: 0.0208 Acc: 0.9890
2025-01-27 13:14:24,998 - INFO - val Loss: 1.3622 Acc: 0.5467
2025-01-27 13:14:25,243 - INFO - Confusion Matrix:
2025-01-27 13:14:25,244 - INFO - [[28  6]
 [28 13]]
2025-01-27 13:14:25,244 - INFO - F1 Score: 0.4333
2025-01-27 13:14:25,244 - INFO - False Positive Rate (FPR): 0.1765
2025-01-27 13:14:25,244 - INFO - False Negative Rate (FNR): 0.6829
2025-01-27 13:14:25,244 - INFO - AUC: 0.4914
2025-01-27 13:14:25,624 - INFO - Epoch 46/50
2025-01-27 13:14:25,624 - INFO - --------------------
2025-01-27 13:14:27,767 - INFO - train Loss: 0.0070 Acc: 1.0000
2025-01-27 13:14:28,020 - INFO - val Loss: 1.5220 Acc: 0.5733
2025-01-27 13:14:28,258 - INFO - Confusion Matrix:
2025-01-27 13:14:28,258 - INFO - [[29  5]
 [27 14]]
2025-01-27 13:14:28,258 - INFO - F1 Score: 0.4667
2025-01-27 13:14:28,258 - INFO - False Positive Rate (FPR): 0.1471
2025-01-27 13:14:28,258 - INFO - False Negative Rate (FNR): 0.6585
2025-01-27 13:14:28,258 - INFO - AUC: 0.4304
2025-01-27 13:14:28,563 - INFO - Epoch 47/50
2025-01-27 13:14:28,563 - INFO - --------------------
2025-01-27 13:14:30,707 - INFO - train Loss: 0.0069 Acc: 0.9972
2025-01-27 13:14:30,964 - INFO - val Loss: 1.2195 Acc: 0.6267
2025-01-27 13:14:31,256 - INFO - Confusion Matrix:
2025-01-27 13:14:31,257 - INFO - [[26  8]
 [20 21]]
2025-01-27 13:14:31,257 - INFO - F1 Score: 0.6000
2025-01-27 13:14:31,257 - INFO - False Positive Rate (FPR): 0.2353
2025-01-27 13:14:31,257 - INFO - False Negative Rate (FNR): 0.4878
2025-01-27 13:14:31,257 - INFO - AUC: 0.4878
2025-01-27 13:14:31,658 - INFO - Epoch 48/50
2025-01-27 13:14:31,658 - INFO - --------------------
2025-01-27 13:14:33,814 - INFO - train Loss: 0.0057 Acc: 0.9986
2025-01-27 13:14:34,073 - INFO - val Loss: 2.5690 Acc: 0.5733
2025-01-27 13:14:34,339 - INFO - Confusion Matrix:
2025-01-27 13:14:34,339 - INFO - [[34  0]
 [32  9]]
2025-01-27 13:14:34,339 - INFO - F1 Score: 0.3600
2025-01-27 13:14:34,339 - INFO - False Positive Rate (FPR): 0.0000
2025-01-27 13:14:34,339 - INFO - False Negative Rate (FNR): 0.7805
2025-01-27 13:14:34,339 - INFO - AUC: 0.3221
2025-01-27 13:14:34,716 - INFO - Epoch 49/50
2025-01-27 13:14:34,716 - INFO - --------------------
2025-01-27 13:14:36,844 - INFO - train Loss: 0.0086 Acc: 0.9972
2025-01-27 13:14:37,096 - INFO - val Loss: 1.8335 Acc: 0.5600
2025-01-27 13:14:37,354 - INFO - Confusion Matrix:
2025-01-27 13:14:37,355 - INFO - [[32  2]
 [31 10]]
2025-01-27 13:14:37,355 - INFO - F1 Score: 0.3774
2025-01-27 13:14:37,355 - INFO - False Positive Rate (FPR): 0.0588
2025-01-27 13:14:37,355 - INFO - False Negative Rate (FNR): 0.7561
2025-01-27 13:14:37,355 - INFO - AUC: 0.3766
2025-01-27 13:14:37,756 - INFO - Epoch 50/50
2025-01-27 13:14:37,756 - INFO - --------------------
2025-01-27 13:14:39,895 - INFO - train Loss: 0.0093 Acc: 0.9945
2025-01-27 13:14:40,125 - INFO - val Loss: 1.2963 Acc: 0.6267
2025-01-27 13:14:40,378 - INFO - Confusion Matrix:
2025-01-27 13:14:40,378 - INFO - [[26  8]
 [20 21]]
2025-01-27 13:14:40,379 - INFO - F1 Score: 0.6000
2025-01-27 13:14:40,379 - INFO - False Positive Rate (FPR): 0.2353
2025-01-27 13:14:40,379 - INFO - False Negative Rate (FNR): 0.4878
2025-01-27 13:14:40,379 - INFO - AUC: 0.4469
2025-01-27 13:14:40,755 - INFO - Melhor acurácia na validação: 0.6933
