2025-01-22 17:18:06,925 - INFO - Epoch 1/20
2025-01-22 17:18:06,926 - INFO - --------------------
2025-01-22 17:18:34,530 - INFO - train Loss: 0.6227 Acc: 0.6566
2025-01-22 17:18:38,247 - INFO - val Loss: 0.5842 Acc: 0.7200
2025-01-22 17:18:39,109 - INFO - Modelo salvo com nova melhor acurácia!
2025-01-22 17:18:39,109 - INFO - Epoch 2/20
2025-01-22 17:18:39,109 - INFO - --------------------
2025-01-22 17:19:04,982 - INFO - train Loss: 0.4710 Acc: 0.7683
2025-01-22 17:19:08,814 - INFO - val Loss: 0.5766 Acc: 0.7333
2025-01-22 17:19:09,721 - INFO - Modelo salvo com nova melhor acurácia!
2025-01-22 17:19:09,721 - INFO - Epoch 3/20
2025-01-22 17:19:09,721 - INFO - --------------------
2025-01-22 17:19:37,081 - INFO - train Loss: 0.3184 Acc: 0.8690
2025-01-22 17:19:41,186 - INFO - val Loss: 0.5932 Acc: 0.7600
2025-01-22 17:19:42,112 - INFO - Modelo salvo com nova melhor acurácia!
2025-01-22 17:19:42,112 - INFO - Epoch 4/20
2025-01-22 17:19:42,112 - INFO - --------------------
2025-01-22 17:20:08,818 - INFO - train Loss: 0.2109 Acc: 0.9214
2025-01-22 17:20:12,815 - INFO - val Loss: 0.7429 Acc: 0.7600
2025-01-22 17:20:12,815 - INFO - Epoch 5/20
2025-01-22 17:20:12,815 - INFO - --------------------
2025-01-22 17:20:38,913 - INFO - train Loss: 0.1374 Acc: 0.9517
2025-01-22 17:20:43,153 - INFO - val Loss: 0.6886 Acc: 0.7067
2025-01-22 17:20:43,154 - INFO - Epoch 6/20
2025-01-22 17:20:43,154 - INFO - --------------------
2025-01-22 17:21:09,568 - INFO - train Loss: 0.0928 Acc: 0.9614
2025-01-22 17:21:13,852 - INFO - val Loss: 0.9132 Acc: 0.7333
2025-01-22 17:21:13,853 - INFO - Epoch 7/20
2025-01-22 17:21:13,853 - INFO - --------------------
2025-01-22 17:21:39,732 - INFO - train Loss: 0.0785 Acc: 0.9766
2025-01-22 17:21:43,890 - INFO - val Loss: 0.7946 Acc: 0.7600
2025-01-22 17:21:43,890 - INFO - Epoch 8/20
2025-01-22 17:21:43,890 - INFO - --------------------
2025-01-22 17:22:09,823 - INFO - train Loss: 0.1017 Acc: 0.9641
2025-01-22 17:22:13,142 - INFO - val Loss: 0.8256 Acc: 0.7200
2025-01-22 17:22:13,143 - INFO - Epoch 9/20
2025-01-22 17:22:13,143 - INFO - --------------------
2025-01-22 17:22:39,127 - INFO - train Loss: 0.0348 Acc: 0.9890
2025-01-22 17:22:42,921 - INFO - val Loss: 1.0133 Acc: 0.7200
2025-01-22 17:22:42,921 - INFO - Epoch 10/20
2025-01-22 17:22:42,921 - INFO - --------------------
2025-01-22 17:23:09,081 - INFO - train Loss: 0.0293 Acc: 0.9917
2025-01-22 17:23:13,508 - INFO - val Loss: 1.1532 Acc: 0.8000
2025-01-22 17:23:14,431 - INFO - Modelo salvo com nova melhor acurácia!
2025-01-22 17:23:14,431 - INFO - Epoch 11/20
2025-01-22 17:23:14,431 - INFO - --------------------
2025-01-22 17:23:40,557 - INFO - train Loss: 0.0346 Acc: 0.9848
2025-01-22 17:23:45,525 - INFO - val Loss: 1.1576 Acc: 0.7067
2025-01-22 17:23:45,525 - INFO - Epoch 12/20
2025-01-22 17:23:45,525 - INFO - --------------------
2025-01-22 17:24:12,247 - INFO - train Loss: 0.0418 Acc: 0.9876
2025-01-22 17:24:16,502 - INFO - val Loss: 1.2453 Acc: 0.7733
2025-01-22 17:24:16,502 - INFO - Epoch 13/20
2025-01-22 17:24:16,502 - INFO - --------------------
2025-01-22 17:24:41,870 - INFO - train Loss: 0.0848 Acc: 0.9697
2025-01-22 17:24:46,455 - INFO - val Loss: 1.1454 Acc: 0.7600
2025-01-22 17:24:46,455 - INFO - Epoch 14/20
2025-01-22 17:24:46,455 - INFO - --------------------
2025-01-22 17:25:12,260 - INFO - train Loss: 0.1031 Acc: 0.9669
2025-01-22 17:25:16,395 - INFO - val Loss: 1.0254 Acc: 0.7467
2025-01-22 17:25:16,396 - INFO - Epoch 15/20
2025-01-22 17:25:16,396 - INFO - --------------------
2025-01-22 17:25:41,471 - INFO - train Loss: 0.0223 Acc: 0.9931
2025-01-22 17:25:46,696 - INFO - val Loss: 1.1700 Acc: 0.7867
2025-01-22 17:25:46,697 - INFO - Epoch 16/20
2025-01-22 17:25:46,697 - INFO - --------------------
2025-01-22 17:26:11,802 - INFO - train Loss: 0.0164 Acc: 0.9945
2025-01-22 17:26:15,957 - INFO - val Loss: 1.2630 Acc: 0.7600
2025-01-22 17:26:15,958 - INFO - Epoch 17/20
2025-01-22 17:26:15,958 - INFO - --------------------
2025-01-22 17:26:42,143 - INFO - train Loss: 0.0394 Acc: 0.9862
2025-01-22 17:26:45,747 - INFO - val Loss: 1.2720 Acc: 0.7333
2025-01-22 17:26:45,748 - INFO - Epoch 18/20
2025-01-22 17:26:45,748 - INFO - --------------------
2025-01-22 17:27:12,083 - INFO - train Loss: 0.0128 Acc: 0.9959
2025-01-22 17:27:15,580 - INFO - val Loss: 1.3166 Acc: 0.7600
2025-01-22 17:27:15,580 - INFO - Epoch 19/20
2025-01-22 17:27:15,580 - INFO - --------------------
2025-01-22 17:27:42,394 - INFO - train Loss: 0.0066 Acc: 0.9986
2025-01-22 17:27:45,909 - INFO - val Loss: 1.3199 Acc: 0.7600
2025-01-22 17:27:45,910 - INFO - Epoch 20/20
2025-01-22 17:27:45,910 - INFO - --------------------
2025-01-22 17:28:11,734 - INFO - train Loss: 0.0040 Acc: 1.0000
2025-01-22 17:28:15,222 - INFO - val Loss: 1.3431 Acc: 0.7467
2025-01-22 17:28:15,222 - INFO - Melhor acurácia na validação: 0.8000
