2025-03-19 10:47:47,653 - INFO - Epoch 1/50
2025-03-19 10:47:47,653 - INFO - --------------------
2025-03-19 10:48:06,293 - INFO - train Loss: 0.6191 Acc: 0.7455
2025-03-19 10:48:11,652 - INFO - val Loss: 0.6075 Acc: 0.8125
2025-03-19 10:48:11,805 - INFO - Modelo salvo com nova melhor acurácia!
2025-03-19 10:48:11,805 - INFO - Epoch 2/50
2025-03-19 10:48:11,805 - INFO - --------------------
2025-03-19 10:48:26,186 - INFO - train Loss: 0.5398 Acc: 0.8041
2025-03-19 10:48:29,460 - INFO - val Loss: 0.5598 Acc: 0.8125
2025-03-19 10:48:29,460 - INFO - Epoch 3/50
2025-03-19 10:48:29,460 - INFO - --------------------
2025-03-19 10:48:43,690 - INFO - train Loss: 0.4760 Acc: 0.8168
2025-03-19 10:48:47,856 - INFO - val Loss: 0.5066 Acc: 0.8125
2025-03-19 10:48:47,856 - INFO - Epoch 4/50
2025-03-19 10:48:47,856 - INFO - --------------------
2025-03-19 10:49:01,636 - INFO - train Loss: 0.4431 Acc: 0.8219
2025-03-19 10:49:05,670 - INFO - val Loss: 0.4845 Acc: 0.8125
2025-03-19 10:49:05,670 - INFO - Epoch 5/50
2025-03-19 10:49:05,671 - INFO - --------------------
2025-03-19 10:49:20,770 - INFO - train Loss: 0.4009 Acc: 0.8372
2025-03-19 10:49:25,128 - INFO - val Loss: 0.4887 Acc: 0.8125
2025-03-19 10:49:25,128 - INFO - Epoch 6/50
2025-03-19 10:49:25,128 - INFO - --------------------
2025-03-19 10:49:40,261 - INFO - train Loss: 0.3788 Acc: 0.8397
2025-03-19 10:49:44,176 - INFO - val Loss: 0.4746 Acc: 0.8125
2025-03-19 10:49:44,176 - INFO - Epoch 7/50
2025-03-19 10:49:44,176 - INFO - --------------------
2025-03-19 10:49:57,560 - INFO - train Loss: 0.3315 Acc: 0.8830
2025-03-19 10:50:01,511 - INFO - val Loss: 0.4595 Acc: 0.7708
2025-03-19 10:50:01,512 - INFO - Epoch 8/50
2025-03-19 10:50:01,512 - INFO - --------------------
2025-03-19 10:50:15,690 - INFO - train Loss: 0.2848 Acc: 0.8830
2025-03-19 10:50:19,178 - INFO - val Loss: 0.4240 Acc: 0.7917
2025-03-19 10:50:19,179 - INFO - Epoch 9/50
2025-03-19 10:50:19,179 - INFO - --------------------
2025-03-19 10:50:34,022 - INFO - train Loss: 0.2714 Acc: 0.8906
2025-03-19 10:50:38,676 - INFO - val Loss: 0.4803 Acc: 0.8125
2025-03-19 10:50:38,676 - INFO - Epoch 10/50
2025-03-19 10:50:38,676 - INFO - --------------------
2025-03-19 10:50:52,728 - INFO - train Loss: 0.2170 Acc: 0.9237
2025-03-19 10:50:57,048 - INFO - val Loss: 0.4492 Acc: 0.7917
2025-03-19 10:50:57,049 - INFO - Epoch 11/50
2025-03-19 10:50:57,049 - INFO - --------------------
2025-03-19 10:51:10,360 - INFO - train Loss: 0.1542 Acc: 0.9517
2025-03-19 10:51:14,603 - INFO - val Loss: 0.4771 Acc: 0.7917
2025-03-19 10:51:14,604 - INFO - Epoch 12/50
2025-03-19 10:51:14,604 - INFO - --------------------
2025-03-19 10:51:28,606 - INFO - train Loss: 0.1468 Acc: 0.9542
2025-03-19 10:51:32,553 - INFO - val Loss: 0.5458 Acc: 0.8125
2025-03-19 10:51:32,554 - INFO - Epoch 13/50
2025-03-19 10:51:32,554 - INFO - --------------------
2025-03-19 10:51:46,292 - INFO - train Loss: 0.1290 Acc: 0.9491
2025-03-19 10:51:50,594 - INFO - val Loss: 0.4685 Acc: 0.7917
2025-03-19 10:51:50,594 - INFO - Epoch 14/50
2025-03-19 10:51:50,594 - INFO - --------------------
2025-03-19 10:52:05,551 - INFO - train Loss: 0.1150 Acc: 0.9618
2025-03-19 10:52:10,178 - INFO - val Loss: 0.4148 Acc: 0.8333
2025-03-19 10:52:10,258 - INFO - Modelo salvo com nova melhor acurácia!
2025-03-19 10:52:10,258 - INFO - Epoch 15/50
2025-03-19 10:52:10,258 - INFO - --------------------
2025-03-19 10:52:24,089 - INFO - train Loss: 0.0979 Acc: 0.9695
2025-03-19 10:52:28,110 - INFO - val Loss: 0.5383 Acc: 0.7917
2025-03-19 10:52:28,110 - INFO - Epoch 16/50
2025-03-19 10:52:28,110 - INFO - --------------------
2025-03-19 10:52:41,679 - INFO - train Loss: 0.1093 Acc: 0.9567
2025-03-19 10:52:45,940 - INFO - val Loss: 0.6156 Acc: 0.7917
2025-03-19 10:52:45,940 - INFO - Epoch 17/50
2025-03-19 10:52:45,940 - INFO - --------------------
2025-03-19 10:52:59,794 - INFO - train Loss: 0.1119 Acc: 0.9618
2025-03-19 10:53:04,378 - INFO - val Loss: 0.4770 Acc: 0.7917
2025-03-19 10:53:04,378 - INFO - Epoch 18/50
2025-03-19 10:53:04,378 - INFO - --------------------
2025-03-19 10:53:18,035 - INFO - train Loss: 0.0975 Acc: 0.9695
2025-03-19 10:53:21,782 - INFO - val Loss: 0.5140 Acc: 0.8125
2025-03-19 10:53:21,783 - INFO - Epoch 19/50
2025-03-19 10:53:21,783 - INFO - --------------------
2025-03-19 10:53:36,240 - INFO - train Loss: 0.0854 Acc: 0.9771
2025-03-19 10:53:40,941 - INFO - val Loss: 0.5776 Acc: 0.7917
2025-03-19 10:53:40,942 - INFO - Epoch 20/50
2025-03-19 10:53:40,942 - INFO - --------------------
2025-03-19 10:53:55,083 - INFO - train Loss: 0.0756 Acc: 0.9847
2025-03-19 10:53:58,535 - INFO - val Loss: 0.5452 Acc: 0.7917
2025-03-19 10:53:58,536 - INFO - Epoch 21/50
2025-03-19 10:53:58,536 - INFO - --------------------
2025-03-19 10:54:14,450 - INFO - train Loss: 0.0836 Acc: 0.9771
2025-03-19 10:54:18,218 - INFO - val Loss: 0.5724 Acc: 0.7708
2025-03-19 10:54:18,218 - INFO - Epoch 22/50
2025-03-19 10:54:18,218 - INFO - --------------------
2025-03-19 10:54:32,505 - INFO - train Loss: 0.0913 Acc: 0.9746
2025-03-19 10:54:36,535 - INFO - val Loss: 0.5648 Acc: 0.8125
2025-03-19 10:54:36,535 - INFO - Epoch 23/50
2025-03-19 10:54:36,535 - INFO - --------------------
2025-03-19 10:54:50,360 - INFO - train Loss: 0.0714 Acc: 0.9796
2025-03-19 10:54:54,887 - INFO - val Loss: 0.5177 Acc: 0.8333
2025-03-19 10:54:54,887 - INFO - Epoch 24/50
2025-03-19 10:54:54,887 - INFO - --------------------
2025-03-19 10:55:09,043 - INFO - train Loss: 0.0931 Acc: 0.9644
2025-03-19 10:55:13,733 - INFO - val Loss: 0.5598 Acc: 0.7917
2025-03-19 10:55:13,733 - INFO - Epoch 25/50
2025-03-19 10:55:13,733 - INFO - --------------------
2025-03-19 10:55:29,063 - INFO - train Loss: 0.0794 Acc: 0.9695
2025-03-19 10:55:33,532 - INFO - val Loss: 0.5182 Acc: 0.8542
2025-03-19 10:55:33,634 - INFO - Modelo salvo com nova melhor acurácia!
2025-03-19 10:55:33,634 - INFO - Epoch 26/50
2025-03-19 10:55:33,634 - INFO - --------------------
2025-03-19 10:55:47,680 - INFO - train Loss: 0.0656 Acc: 0.9720
2025-03-19 10:55:52,148 - INFO - val Loss: 0.6359 Acc: 0.8125
2025-03-19 10:55:52,148 - INFO - Epoch 27/50
2025-03-19 10:55:52,148 - INFO - --------------------
2025-03-19 10:56:05,852 - INFO - train Loss: 0.0616 Acc: 0.9720
2025-03-19 10:56:10,156 - INFO - val Loss: 0.5451 Acc: 0.8125
2025-03-19 10:56:10,156 - INFO - Epoch 28/50
2025-03-19 10:56:10,156 - INFO - --------------------
2025-03-19 10:56:24,732 - INFO - train Loss: 0.0588 Acc: 0.9796
2025-03-19 10:56:28,958 - INFO - val Loss: 0.7178 Acc: 0.7917
2025-03-19 10:56:28,958 - INFO - Epoch 29/50
2025-03-19 10:56:28,958 - INFO - --------------------
2025-03-19 10:56:43,819 - INFO - train Loss: 0.0350 Acc: 0.9898
2025-03-19 10:56:47,892 - INFO - val Loss: 0.7107 Acc: 0.7917
2025-03-19 10:56:47,893 - INFO - Epoch 30/50
2025-03-19 10:56:47,893 - INFO - --------------------
2025-03-19 10:57:01,558 - INFO - train Loss: 0.1007 Acc: 0.9695
2025-03-19 10:57:05,666 - INFO - val Loss: 0.5869 Acc: 0.8125
2025-03-19 10:57:05,666 - INFO - Epoch 31/50
2025-03-19 10:57:05,666 - INFO - --------------------
2025-03-19 10:57:19,879 - INFO - train Loss: 0.0858 Acc: 0.9720
2025-03-19 10:57:23,935 - INFO - val Loss: 0.7642 Acc: 0.8125
2025-03-19 10:57:23,935 - INFO - Epoch 32/50
2025-03-19 10:57:23,935 - INFO - --------------------
2025-03-19 10:57:37,916 - INFO - train Loss: 0.0580 Acc: 0.9746
2025-03-19 10:57:42,054 - INFO - val Loss: 0.3869 Acc: 0.8333
2025-03-19 10:57:42,054 - INFO - Epoch 33/50
2025-03-19 10:57:42,054 - INFO - --------------------
2025-03-19 10:57:57,349 - INFO - train Loss: 0.0881 Acc: 0.9695
2025-03-19 10:58:01,594 - INFO - val Loss: 0.5584 Acc: 0.7708
2025-03-19 10:58:01,594 - INFO - Epoch 34/50
2025-03-19 10:58:01,595 - INFO - --------------------
2025-03-19 10:58:15,621 - INFO - train Loss: 0.0497 Acc: 0.9822
2025-03-19 10:58:19,993 - INFO - val Loss: 0.5355 Acc: 0.7917
2025-03-19 10:58:19,993 - INFO - Epoch 35/50
2025-03-19 10:58:19,993 - INFO - --------------------
2025-03-19 10:58:34,732 - INFO - train Loss: 0.0333 Acc: 0.9924
2025-03-19 10:58:38,509 - INFO - val Loss: 0.5583 Acc: 0.7917
2025-03-19 10:58:38,509 - INFO - Epoch 36/50
2025-03-19 10:58:38,509 - INFO - --------------------
2025-03-19 10:58:53,276 - INFO - train Loss: 0.0465 Acc: 0.9873
2025-03-19 10:58:57,437 - INFO - val Loss: 0.6542 Acc: 0.7917
2025-03-19 10:58:57,437 - INFO - Epoch 37/50
2025-03-19 10:58:57,437 - INFO - --------------------
2025-03-19 10:59:14,069 - INFO - train Loss: 0.0413 Acc: 0.9847
2025-03-19 10:59:18,565 - INFO - val Loss: 0.4336 Acc: 0.8333
2025-03-19 10:59:18,565 - INFO - Epoch 38/50
2025-03-19 10:59:18,566 - INFO - --------------------
2025-03-19 10:59:32,256 - INFO - train Loss: 0.0293 Acc: 0.9898
2025-03-19 10:59:36,213 - INFO - val Loss: 0.4015 Acc: 0.8542
2025-03-19 10:59:36,213 - INFO - Epoch 39/50
2025-03-19 10:59:36,213 - INFO - --------------------
2025-03-19 10:59:49,754 - INFO - train Loss: 0.0287 Acc: 0.9898
2025-03-19 10:59:53,849 - INFO - val Loss: 0.6037 Acc: 0.8333
2025-03-19 10:59:53,849 - INFO - Epoch 40/50
2025-03-19 10:59:53,849 - INFO - --------------------
2025-03-19 11:00:08,249 - INFO - train Loss: 0.0400 Acc: 0.9822
2025-03-19 11:00:12,739 - INFO - val Loss: 0.4697 Acc: 0.8333
2025-03-19 11:00:12,739 - INFO - Epoch 41/50
2025-03-19 11:00:12,739 - INFO - --------------------
2025-03-19 11:00:26,670 - INFO - train Loss: 0.0424 Acc: 0.9898
2025-03-19 11:00:30,236 - INFO - val Loss: 0.5580 Acc: 0.8333
2025-03-19 11:00:30,237 - INFO - Epoch 42/50
2025-03-19 11:00:30,237 - INFO - --------------------
2025-03-19 11:00:43,726 - INFO - train Loss: 0.0262 Acc: 0.9924
2025-03-19 11:00:47,865 - INFO - val Loss: 0.5695 Acc: 0.8333
2025-03-19 11:00:47,865 - INFO - Epoch 43/50
2025-03-19 11:00:47,865 - INFO - --------------------
2025-03-19 11:01:02,041 - INFO - train Loss: 0.0362 Acc: 0.9873
2025-03-19 11:01:06,346 - INFO - val Loss: 0.6611 Acc: 0.8125
2025-03-19 11:01:06,346 - INFO - Epoch 44/50
2025-03-19 11:01:06,346 - INFO - --------------------
2025-03-19 11:01:20,171 - INFO - train Loss: 0.0408 Acc: 0.9924
2025-03-19 11:01:24,485 - INFO - val Loss: 0.6044 Acc: 0.8333
2025-03-19 11:01:24,485 - INFO - Epoch 45/50
2025-03-19 11:01:24,485 - INFO - --------------------
2025-03-19 11:01:39,131 - INFO - train Loss: 0.0338 Acc: 0.9873
2025-03-19 11:01:43,666 - INFO - val Loss: 0.5778 Acc: 0.8125
2025-03-19 11:01:43,666 - INFO - Epoch 46/50
2025-03-19 11:01:43,666 - INFO - --------------------
2025-03-19 11:01:57,595 - INFO - train Loss: 0.0373 Acc: 0.9898
2025-03-19 11:02:02,343 - INFO - val Loss: 0.4289 Acc: 0.8125
2025-03-19 11:02:02,343 - INFO - Epoch 47/50
2025-03-19 11:02:02,343 - INFO - --------------------
2025-03-19 11:02:17,385 - INFO - train Loss: 0.0524 Acc: 0.9822
2025-03-19 11:02:21,622 - INFO - val Loss: 0.6540 Acc: 0.8333
2025-03-19 11:02:21,623 - INFO - Epoch 48/50
2025-03-19 11:02:21,623 - INFO - --------------------
2025-03-19 11:02:35,794 - INFO - train Loss: 0.0766 Acc: 0.9695
2025-03-19 11:02:40,176 - INFO - val Loss: 0.5326 Acc: 0.8333
2025-03-19 11:02:40,176 - INFO - Epoch 49/50
2025-03-19 11:02:40,177 - INFO - --------------------
2025-03-19 11:02:54,424 - INFO - train Loss: 0.0296 Acc: 0.9898
2025-03-19 11:02:58,717 - INFO - val Loss: 0.4824 Acc: 0.8542
2025-03-19 11:02:58,717 - INFO - Epoch 50/50
2025-03-19 11:02:58,717 - INFO - --------------------
2025-03-19 11:03:13,158 - INFO - train Loss: 0.0267 Acc: 0.9924
2025-03-19 11:03:17,848 - INFO - val Loss: 0.5265 Acc: 0.8333
2025-03-19 11:03:17,849 - INFO - Melhor acurácia na validação: 0.8542
