2025-01-27 16:47:50,984 - INFO - Epoch 1/50
2025-01-27 16:47:50,984 - INFO - --------------------
2025-01-27 16:48:16,115 - INFO - train Loss: 0.6951 Acc: 0.5807
2025-01-27 16:48:21,880 - INFO - val Loss: 0.7075 Acc: 0.4533
2025-01-27 16:48:26,877 - INFO - Modelo salvo com nova melhor acurácia!
2025-01-27 16:48:26,877 - INFO - Epoch 2/50
2025-01-27 16:48:26,877 - INFO - --------------------
2025-01-27 16:48:51,859 - INFO - train Loss: 0.6722 Acc: 0.5655
2025-01-27 16:48:57,228 - INFO - val Loss: 0.7121 Acc: 0.4533
2025-01-27 16:49:02,581 - INFO - Epoch 3/50
2025-01-27 16:49:02,581 - INFO - --------------------
2025-01-27 16:49:27,926 - INFO - train Loss: 0.6637 Acc: 0.6055
2025-01-27 16:49:32,634 - INFO - val Loss: 0.7633 Acc: 0.4533
2025-01-27 16:49:37,551 - INFO - Epoch 4/50
2025-01-27 16:49:37,551 - INFO - --------------------
2025-01-27 16:50:02,996 - INFO - train Loss: 0.6653 Acc: 0.6152
2025-01-27 16:50:08,635 - INFO - val Loss: 0.8201 Acc: 0.4400
2025-01-27 16:50:14,694 - INFO - Epoch 5/50
2025-01-27 16:50:14,694 - INFO - --------------------
2025-01-27 16:50:38,935 - INFO - train Loss: 0.6344 Acc: 0.6331
2025-01-27 16:50:43,777 - INFO - val Loss: 0.7312 Acc: 0.5200
2025-01-27 16:50:49,255 - INFO - Modelo salvo com nova melhor acurácia!
2025-01-27 16:50:49,255 - INFO - Epoch 6/50
2025-01-27 16:50:49,255 - INFO - --------------------
2025-01-27 16:51:14,597 - INFO - train Loss: 0.6423 Acc: 0.6317
2025-01-27 16:51:19,501 - INFO - val Loss: 0.7927 Acc: 0.5067
2025-01-27 16:51:24,970 - INFO - Epoch 7/50
2025-01-27 16:51:24,970 - INFO - --------------------
2025-01-27 16:51:51,126 - INFO - train Loss: 0.6224 Acc: 0.6303
2025-01-27 16:51:56,008 - INFO - val Loss: 0.7392 Acc: 0.4800
2025-01-27 16:52:01,754 - INFO - Epoch 8/50
2025-01-27 16:52:01,754 - INFO - --------------------
2025-01-27 16:52:26,481 - INFO - train Loss: 0.6036 Acc: 0.6428
2025-01-27 16:52:31,888 - INFO - val Loss: 0.8758 Acc: 0.4800
2025-01-27 16:52:37,574 - INFO - Epoch 9/50
2025-01-27 16:52:37,574 - INFO - --------------------
2025-01-27 16:53:02,908 - INFO - train Loss: 0.6093 Acc: 0.6745
2025-01-27 16:53:07,993 - INFO - val Loss: 0.7287 Acc: 0.5333
2025-01-27 16:53:13,066 - INFO - Modelo salvo com nova melhor acurácia!
2025-01-27 16:53:13,066 - INFO - Epoch 10/50
2025-01-27 16:53:13,066 - INFO - --------------------
2025-01-27 16:53:37,573 - INFO - train Loss: 0.5916 Acc: 0.6966
2025-01-27 16:53:43,004 - INFO - val Loss: 0.7459 Acc: 0.5200
2025-01-27 16:53:48,374 - INFO - Epoch 11/50
2025-01-27 16:53:48,374 - INFO - --------------------
2025-01-27 16:54:12,658 - INFO - train Loss: 0.5667 Acc: 0.7241
2025-01-27 16:54:17,797 - INFO - val Loss: 0.6705 Acc: 0.6533
2025-01-27 16:54:23,301 - INFO - Modelo salvo com nova melhor acurácia!
2025-01-27 16:54:23,301 - INFO - Epoch 12/50
2025-01-27 16:54:23,301 - INFO - --------------------
2025-01-27 16:54:48,698 - INFO - train Loss: 0.5578 Acc: 0.7145
2025-01-27 16:54:53,406 - INFO - val Loss: 0.8072 Acc: 0.5867
2025-01-27 16:54:58,843 - INFO - Epoch 13/50
2025-01-27 16:54:58,843 - INFO - --------------------
2025-01-27 16:55:26,578 - INFO - train Loss: 0.5417 Acc: 0.7241
2025-01-27 16:55:31,541 - INFO - val Loss: 0.7483 Acc: 0.6267
2025-01-27 16:55:37,048 - INFO - Epoch 14/50
2025-01-27 16:55:37,049 - INFO - --------------------
2025-01-27 16:56:02,471 - INFO - train Loss: 0.5575 Acc: 0.7007
2025-01-27 16:56:07,587 - INFO - val Loss: 0.7782 Acc: 0.5467
2025-01-27 16:56:13,268 - INFO - Epoch 15/50
2025-01-27 16:56:13,268 - INFO - --------------------
2025-01-27 16:56:38,317 - INFO - train Loss: 0.5353 Acc: 0.7324
2025-01-27 16:56:43,269 - INFO - val Loss: 0.8178 Acc: 0.6400
2025-01-27 16:56:48,194 - INFO - Epoch 16/50
2025-01-27 16:56:48,195 - INFO - --------------------
2025-01-27 16:57:14,542 - INFO - train Loss: 0.5336 Acc: 0.7559
2025-01-27 16:57:20,294 - INFO - val Loss: 0.7587 Acc: 0.6533
2025-01-27 16:57:25,959 - INFO - Epoch 17/50
2025-01-27 16:57:25,959 - INFO - --------------------
2025-01-27 16:57:52,396 - INFO - train Loss: 0.5293 Acc: 0.7448
2025-01-27 16:57:57,794 - INFO - val Loss: 0.7117 Acc: 0.6133
2025-01-27 16:58:03,753 - INFO - Epoch 18/50
2025-01-27 16:58:03,753 - INFO - --------------------
2025-01-27 16:58:28,036 - INFO - train Loss: 0.5276 Acc: 0.7448
2025-01-27 16:58:33,093 - INFO - val Loss: 0.7786 Acc: 0.6400
2025-01-27 16:58:37,938 - INFO - Epoch 19/50
2025-01-27 16:58:37,938 - INFO - --------------------
2025-01-27 16:59:01,560 - INFO - train Loss: 0.5223 Acc: 0.7434
2025-01-27 16:59:06,614 - INFO - val Loss: 0.8346 Acc: 0.5867
2025-01-27 16:59:11,976 - INFO - Epoch 20/50
2025-01-27 16:59:11,976 - INFO - --------------------
2025-01-27 16:59:37,550 - INFO - train Loss: 0.5232 Acc: 0.7517
2025-01-27 16:59:42,194 - INFO - val Loss: 0.7565 Acc: 0.6267
2025-01-27 16:59:47,587 - INFO - Epoch 21/50
2025-01-27 16:59:47,587 - INFO - --------------------
2025-01-27 17:00:12,554 - INFO - train Loss: 0.5077 Acc: 0.7738
2025-01-27 17:00:17,468 - INFO - val Loss: 0.7314 Acc: 0.6400
2025-01-27 17:00:22,249 - INFO - Epoch 22/50
2025-01-27 17:00:22,249 - INFO - --------------------
2025-01-27 17:00:47,028 - INFO - train Loss: 0.5055 Acc: 0.7545
2025-01-27 17:00:52,409 - INFO - val Loss: 0.7399 Acc: 0.5733
2025-01-27 17:00:57,583 - INFO - Epoch 23/50
2025-01-27 17:00:57,583 - INFO - --------------------
2025-01-27 17:01:22,635 - INFO - train Loss: 0.4815 Acc: 0.7779
2025-01-27 17:01:27,525 - INFO - val Loss: 0.7983 Acc: 0.6400
2025-01-27 17:01:33,831 - INFO - Epoch 24/50
2025-01-27 17:01:33,831 - INFO - --------------------
2025-01-27 17:01:58,781 - INFO - train Loss: 0.4830 Acc: 0.7807
2025-01-27 17:02:04,362 - INFO - val Loss: 0.7953 Acc: 0.6667
2025-01-27 17:02:10,021 - INFO - Modelo salvo com nova melhor acurácia!
2025-01-27 17:02:10,021 - INFO - Epoch 25/50
2025-01-27 17:02:10,021 - INFO - --------------------
2025-01-27 17:02:35,161 - INFO - train Loss: 0.5024 Acc: 0.7738
2025-01-27 17:02:40,409 - INFO - val Loss: 0.6739 Acc: 0.6400
2025-01-27 17:02:46,158 - INFO - Epoch 26/50
2025-01-27 17:02:46,159 - INFO - --------------------
2025-01-27 17:03:11,484 - INFO - train Loss: 0.4953 Acc: 0.7710
2025-01-27 17:03:16,905 - INFO - val Loss: 0.7069 Acc: 0.6400
2025-01-27 17:03:22,409 - INFO - Epoch 27/50
2025-01-27 17:03:22,410 - INFO - --------------------
2025-01-27 17:03:47,116 - INFO - train Loss: 0.4777 Acc: 0.7738
2025-01-27 17:03:51,969 - INFO - val Loss: 0.8777 Acc: 0.6533
2025-01-27 17:03:58,354 - INFO - Epoch 28/50
2025-01-27 17:03:58,354 - INFO - --------------------
2025-01-27 17:04:23,305 - INFO - train Loss: 0.4716 Acc: 0.7807
2025-01-27 17:04:28,272 - INFO - val Loss: 0.6856 Acc: 0.6800
2025-01-27 17:04:33,726 - INFO - Modelo salvo com nova melhor acurácia!
2025-01-27 17:04:33,726 - INFO - Epoch 29/50
2025-01-27 17:04:33,726 - INFO - --------------------
2025-01-27 17:05:00,221 - INFO - train Loss: 0.4358 Acc: 0.7945
2025-01-27 17:05:05,197 - INFO - val Loss: 0.7317 Acc: 0.5867
2025-01-27 17:05:10,520 - INFO - Epoch 30/50
2025-01-27 17:05:10,520 - INFO - --------------------
2025-01-27 17:05:36,424 - INFO - train Loss: 0.4620 Acc: 0.8014
2025-01-27 17:05:41,226 - INFO - val Loss: 0.8089 Acc: 0.6800
2025-01-27 17:05:47,334 - INFO - Epoch 31/50
2025-01-27 17:05:47,334 - INFO - --------------------
2025-01-27 17:06:12,480 - INFO - train Loss: 0.4490 Acc: 0.7848
2025-01-27 17:06:18,053 - INFO - val Loss: 0.8003 Acc: 0.6667
2025-01-27 17:06:23,392 - INFO - Epoch 32/50
2025-01-27 17:06:23,392 - INFO - --------------------
2025-01-27 17:06:47,838 - INFO - train Loss: 0.4292 Acc: 0.7931
2025-01-27 17:06:53,141 - INFO - val Loss: 0.8069 Acc: 0.6400
2025-01-27 17:06:58,981 - INFO - Epoch 33/50
2025-01-27 17:06:58,982 - INFO - --------------------
2025-01-27 17:07:23,071 - INFO - train Loss: 0.4814 Acc: 0.7738
2025-01-27 17:07:28,092 - INFO - val Loss: 0.7320 Acc: 0.6800
2025-01-27 17:07:33,948 - INFO - Epoch 34/50
2025-01-27 17:07:33,948 - INFO - --------------------
2025-01-27 17:07:59,594 - INFO - train Loss: 0.4486 Acc: 0.7959
2025-01-27 17:08:04,307 - INFO - val Loss: 0.9568 Acc: 0.6400
2025-01-27 17:08:09,750 - INFO - Epoch 35/50
2025-01-27 17:08:09,750 - INFO - --------------------
2025-01-27 17:08:36,086 - INFO - train Loss: 0.4371 Acc: 0.7890
2025-01-27 17:08:40,539 - INFO - val Loss: 0.7528 Acc: 0.6800
2025-01-27 17:08:46,244 - INFO - Epoch 36/50
2025-01-27 17:08:46,245 - INFO - --------------------
2025-01-27 17:09:11,919 - INFO - train Loss: 0.4333 Acc: 0.8166
2025-01-27 17:09:16,779 - INFO - val Loss: 0.9862 Acc: 0.6267
2025-01-27 17:09:22,314 - INFO - Epoch 37/50
2025-01-27 17:09:22,314 - INFO - --------------------
2025-01-27 17:09:46,553 - INFO - train Loss: 0.4009 Acc: 0.8041
2025-01-27 17:09:51,203 - INFO - val Loss: 0.8254 Acc: 0.6800
2025-01-27 17:09:56,758 - INFO - Epoch 38/50
2025-01-27 17:09:56,758 - INFO - --------------------
2025-01-27 17:10:20,472 - INFO - train Loss: 0.4350 Acc: 0.8152
2025-01-27 17:10:25,892 - INFO - val Loss: 0.8137 Acc: 0.6267
2025-01-27 17:10:31,390 - INFO - Epoch 39/50
2025-01-27 17:10:31,390 - INFO - --------------------
2025-01-27 17:10:56,857 - INFO - train Loss: 0.4118 Acc: 0.8179
2025-01-27 17:11:02,205 - INFO - val Loss: 0.8891 Acc: 0.6667
2025-01-27 17:11:07,666 - INFO - Epoch 40/50
2025-01-27 17:11:07,666 - INFO - --------------------
2025-01-27 17:11:35,026 - INFO - train Loss: 0.3947 Acc: 0.8207
2025-01-27 17:11:40,540 - INFO - val Loss: 0.8808 Acc: 0.6267
2025-01-27 17:11:45,675 - INFO - Epoch 41/50
2025-01-27 17:11:45,675 - INFO - --------------------
2025-01-27 17:12:09,898 - INFO - train Loss: 0.3925 Acc: 0.8400
2025-01-27 17:12:15,615 - INFO - val Loss: 0.7763 Acc: 0.6933
2025-01-27 17:12:21,457 - INFO - Modelo salvo com nova melhor acurácia!
2025-01-27 17:12:21,457 - INFO - Epoch 42/50
2025-01-27 17:12:21,457 - INFO - --------------------
2025-01-27 17:12:47,261 - INFO - train Loss: 0.3889 Acc: 0.8276
2025-01-27 17:12:52,512 - INFO - val Loss: 0.7695 Acc: 0.6667
2025-01-27 17:12:58,070 - INFO - Epoch 43/50
2025-01-27 17:12:58,070 - INFO - --------------------
2025-01-27 17:13:22,517 - INFO - train Loss: 0.3949 Acc: 0.8234
2025-01-27 17:13:28,091 - INFO - val Loss: 0.7734 Acc: 0.6667
2025-01-27 17:13:33,915 - INFO - Epoch 44/50
2025-01-27 17:13:33,915 - INFO - --------------------
2025-01-27 17:13:58,489 - INFO - train Loss: 0.3709 Acc: 0.8441
2025-01-27 17:14:03,520 - INFO - val Loss: 0.8267 Acc: 0.6933
2025-01-27 17:14:09,362 - INFO - Epoch 45/50
2025-01-27 17:14:09,362 - INFO - --------------------
2025-01-27 17:14:33,965 - INFO - train Loss: 0.3432 Acc: 0.8317
2025-01-27 17:14:39,425 - INFO - val Loss: 0.9656 Acc: 0.6400
2025-01-27 17:14:45,095 - INFO - Epoch 46/50
2025-01-27 17:14:45,095 - INFO - --------------------
2025-01-27 17:15:10,521 - INFO - train Loss: 0.3841 Acc: 0.8234
2025-01-27 17:15:15,286 - INFO - val Loss: 0.9224 Acc: 0.6533
2025-01-27 17:15:21,001 - INFO - Epoch 47/50
2025-01-27 17:15:21,001 - INFO - --------------------
2025-01-27 17:15:45,208 - INFO - train Loss: 0.3503 Acc: 0.8483
2025-01-27 17:15:50,275 - INFO - val Loss: 1.0206 Acc: 0.6000
2025-01-27 17:15:55,766 - INFO - Epoch 48/50
2025-01-27 17:15:55,767 - INFO - --------------------
2025-01-27 17:16:21,127 - INFO - train Loss: 0.3453 Acc: 0.8497
2025-01-27 17:16:25,626 - INFO - val Loss: 1.0934 Acc: 0.6267
2025-01-27 17:16:31,261 - INFO - Epoch 49/50
2025-01-27 17:16:31,262 - INFO - --------------------
2025-01-27 17:16:56,611 - INFO - train Loss: 0.3347 Acc: 0.8428
2025-01-27 17:17:01,743 - INFO - val Loss: 0.8718 Acc: 0.6667
2025-01-27 17:17:12,581 - INFO - Epoch 50/50
2025-01-27 17:17:12,581 - INFO - --------------------
2025-01-27 17:17:36,548 - INFO - train Loss: 0.3357 Acc: 0.8662
2025-01-27 17:17:41,891 - INFO - val Loss: 0.9045 Acc: 0.6400
2025-01-27 17:17:47,292 - INFO - Melhor acurácia na validação: 0.6933
2025-01-27 17:56:38,647 - INFO - Epoch 1/50
2025-01-27 17:56:38,647 - INFO - --------------------
2025-01-27 17:57:03,484 - INFO - train Loss: 0.6894 Acc: 0.5807
2025-01-27 17:57:08,769 - INFO - val Loss: 0.6969 Acc: 0.4533
2025-01-27 17:57:13,533 - INFO - Confusion Matrix:
2025-01-27 17:57:13,533 - INFO - [[34  0]
 [41  0]]
2025-01-27 17:57:13,534 - INFO - F1 Score: 0.0000
2025-01-27 17:57:13,534 - INFO - False Positive Rate (FPR): 0.0000
2025-01-27 17:57:13,534 - INFO - False Negative Rate (FNR): 1.0000
2025-01-27 17:57:13,534 - INFO - AUC: 0.5000
2025-01-27 17:57:14,024 - INFO - Modelo salvo com nova melhor acurácia!
2025-01-27 17:57:14,024 - INFO - Epoch 2/50
2025-01-27 17:57:14,024 - INFO - --------------------
2025-01-27 17:57:39,453 - INFO - train Loss: 0.6696 Acc: 0.6083
2025-01-27 17:57:44,230 - INFO - val Loss: 0.7035 Acc: 0.4533
2025-01-27 17:57:49,216 - INFO - Confusion Matrix:
2025-01-27 17:57:49,216 - INFO - [[34  0]
 [41  0]]
2025-01-27 17:57:49,216 - INFO - F1 Score: 0.0000
2025-01-27 17:57:49,217 - INFO - False Positive Rate (FPR): 0.0000
2025-01-27 17:57:49,217 - INFO - False Negative Rate (FNR): 1.0000
2025-01-27 17:57:49,217 - INFO - AUC: 0.4767
2025-01-27 17:57:49,614 - INFO - Epoch 3/50
2025-01-27 17:57:49,614 - INFO - --------------------
2025-01-27 17:58:13,462 - INFO - train Loss: 0.6581 Acc: 0.6055
2025-01-27 17:58:18,144 - INFO - val Loss: 0.7302 Acc: 0.4533
2025-01-27 17:58:23,281 - INFO - Confusion Matrix:
2025-01-27 17:58:23,281 - INFO - [[34  0]
 [41  0]]
2025-01-27 17:58:23,281 - INFO - F1 Score: 0.0000
2025-01-27 17:58:23,281 - INFO - False Positive Rate (FPR): 0.0000
2025-01-27 17:58:23,281 - INFO - False Negative Rate (FNR): 1.0000
2025-01-27 17:58:23,281 - INFO - AUC: 0.4053
2025-01-27 17:58:23,803 - INFO - Epoch 4/50
2025-01-27 17:58:23,803 - INFO - --------------------
2025-01-27 17:58:50,827 - INFO - train Loss: 0.6515 Acc: 0.6317
2025-01-27 17:58:55,799 - INFO - val Loss: 0.7097 Acc: 0.4667
2025-01-27 17:59:00,738 - INFO - Confusion Matrix:
2025-01-27 17:59:00,739 - INFO - [[32  2]
 [38  3]]
2025-01-27 17:59:00,739 - INFO - F1 Score: 0.1304
2025-01-27 17:59:00,739 - INFO - False Positive Rate (FPR): 0.0588
2025-01-27 17:59:00,739 - INFO - False Negative Rate (FNR): 0.9268
2025-01-27 17:59:00,739 - INFO - AUC: 0.3824
2025-01-27 17:59:01,240 - INFO - Modelo salvo com nova melhor acurácia!
2025-01-27 17:59:01,240 - INFO - Epoch 5/50
2025-01-27 17:59:01,240 - INFO - --------------------
2025-01-27 17:59:25,118 - INFO - train Loss: 0.6446 Acc: 0.6386
2025-01-27 17:59:29,650 - INFO - val Loss: 0.7562 Acc: 0.5600
2025-01-27 17:59:34,532 - INFO - Confusion Matrix:
2025-01-27 17:59:34,533 - INFO - [[32  2]
 [31 10]]
2025-01-27 17:59:34,533 - INFO - F1 Score: 0.3774
2025-01-27 17:59:34,533 - INFO - False Positive Rate (FPR): 0.0588
2025-01-27 17:59:34,533 - INFO - False Negative Rate (FNR): 0.7561
2025-01-27 17:59:34,533 - INFO - AUC: 0.3587
2025-01-27 17:59:35,067 - INFO - Modelo salvo com nova melhor acurácia!
2025-01-27 17:59:35,067 - INFO - Epoch 6/50
2025-01-27 17:59:35,067 - INFO - --------------------
2025-01-27 17:59:59,878 - INFO - train Loss: 0.6160 Acc: 0.6566
2025-01-27 18:00:04,783 - INFO - val Loss: 0.7807 Acc: 0.5733
2025-01-27 18:00:09,440 - INFO - Confusion Matrix:
2025-01-27 18:00:09,441 - INFO - [[32  2]
 [30 11]]
2025-01-27 18:00:09,441 - INFO - F1 Score: 0.4074
2025-01-27 18:00:09,441 - INFO - False Positive Rate (FPR): 0.0588
2025-01-27 18:00:09,441 - INFO - False Negative Rate (FNR): 0.7317
2025-01-27 18:00:09,441 - INFO - AUC: 0.3709
2025-01-27 18:00:09,947 - INFO - Modelo salvo com nova melhor acurácia!
2025-01-27 18:00:09,947 - INFO - Epoch 7/50
2025-01-27 18:00:09,947 - INFO - --------------------
2025-01-27 18:00:35,383 - INFO - train Loss: 0.6163 Acc: 0.7021
2025-01-27 18:00:40,511 - INFO - val Loss: 0.7883 Acc: 0.5867
2025-01-27 18:00:45,856 - INFO - Confusion Matrix:
2025-01-27 18:00:45,857 - INFO - [[32  2]
 [29 12]]
2025-01-27 18:00:45,857 - INFO - F1 Score: 0.4364
2025-01-27 18:00:45,857 - INFO - False Positive Rate (FPR): 0.0588
2025-01-27 18:00:45,857 - INFO - False Negative Rate (FNR): 0.7073
2025-01-27 18:00:45,857 - INFO - AUC: 0.4032
2025-01-27 18:00:46,362 - INFO - Modelo salvo com nova melhor acurácia!
2025-01-27 18:00:46,362 - INFO - Epoch 8/50
2025-01-27 18:00:46,362 - INFO - --------------------
2025-01-27 18:01:11,528 - INFO - train Loss: 0.6247 Acc: 0.6759
2025-01-27 18:01:17,107 - INFO - val Loss: 0.6799 Acc: 0.5867
2025-01-27 18:01:22,111 - INFO - Confusion Matrix:
2025-01-27 18:01:22,112 - INFO - [[31  3]
 [28 13]]
2025-01-27 18:01:22,112 - INFO - F1 Score: 0.4561
2025-01-27 18:01:22,112 - INFO - False Positive Rate (FPR): 0.0882
2025-01-27 18:01:22,112 - INFO - False Negative Rate (FNR): 0.6829
2025-01-27 18:01:22,112 - INFO - AUC: 0.4907
2025-01-27 18:01:22,499 - INFO - Epoch 9/50
2025-01-27 18:01:22,499 - INFO - --------------------
2025-01-27 18:01:49,665 - INFO - train Loss: 0.5870 Acc: 0.6979
2025-01-27 18:01:54,580 - INFO - val Loss: 0.7340 Acc: 0.5867
2025-01-27 18:01:59,043 - INFO - Confusion Matrix:
2025-01-27 18:01:59,043 - INFO - [[30  4]
 [27 14]]
2025-01-27 18:01:59,044 - INFO - F1 Score: 0.4746
2025-01-27 18:01:59,044 - INFO - False Positive Rate (FPR): 0.1176
2025-01-27 18:01:59,044 - INFO - False Negative Rate (FNR): 0.6585
2025-01-27 18:01:59,044 - INFO - AUC: 0.4692
2025-01-27 18:01:59,441 - INFO - Epoch 10/50
2025-01-27 18:01:59,441 - INFO - --------------------
2025-01-27 18:02:25,835 - INFO - train Loss: 0.5866 Acc: 0.7062
2025-01-27 18:02:31,180 - INFO - val Loss: 0.7141 Acc: 0.6000
2025-01-27 18:02:37,045 - INFO - Confusion Matrix:
2025-01-27 18:02:37,045 - INFO - [[27  7]
 [23 18]]
2025-01-27 18:02:37,045 - INFO - F1 Score: 0.5455
2025-01-27 18:02:37,045 - INFO - False Positive Rate (FPR): 0.2059
2025-01-27 18:02:37,046 - INFO - False Negative Rate (FNR): 0.5610
2025-01-27 18:02:37,046 - INFO - AUC: 0.4648
2025-01-27 18:02:37,547 - INFO - Modelo salvo com nova melhor acurácia!
2025-01-27 18:02:37,548 - INFO - Epoch 11/50
2025-01-27 18:02:37,548 - INFO - --------------------
2025-01-27 18:03:02,563 - INFO - train Loss: 0.5806 Acc: 0.6979
2025-01-27 18:03:07,811 - INFO - val Loss: 0.6430 Acc: 0.6000
2025-01-27 18:03:12,689 - INFO - Confusion Matrix:
2025-01-27 18:03:12,689 - INFO - [[24 10]
 [20 21]]
2025-01-27 18:03:12,690 - INFO - F1 Score: 0.5833
2025-01-27 18:03:12,690 - INFO - False Positive Rate (FPR): 0.2941
2025-01-27 18:03:12,690 - INFO - False Negative Rate (FNR): 0.4878
2025-01-27 18:03:12,690 - INFO - AUC: 0.4039
2025-01-27 18:03:13,089 - INFO - Epoch 12/50
2025-01-27 18:03:13,089 - INFO - --------------------
2025-01-27 18:03:40,112 - INFO - train Loss: 0.5741 Acc: 0.6910
2025-01-27 18:03:44,897 - INFO - val Loss: 0.6726 Acc: 0.5867
2025-01-27 18:03:50,129 - INFO - Confusion Matrix:
2025-01-27 18:03:50,130 - INFO - [[23 11]
 [20 21]]
2025-01-27 18:03:50,130 - INFO - F1 Score: 0.5753
2025-01-27 18:03:50,130 - INFO - False Positive Rate (FPR): 0.3235
2025-01-27 18:03:50,130 - INFO - False Negative Rate (FNR): 0.4878
2025-01-27 18:03:50,130 - INFO - AUC: 0.4067
2025-01-27 18:03:50,538 - INFO - Epoch 13/50
2025-01-27 18:03:50,538 - INFO - --------------------
2025-01-27 18:04:15,542 - INFO - train Loss: 0.5609 Acc: 0.7283
2025-01-27 18:04:20,819 - INFO - val Loss: 0.6828 Acc: 0.6667
2025-01-27 18:04:26,000 - INFO - Confusion Matrix:
2025-01-27 18:04:26,001 - INFO - [[26  8]
 [17 24]]
2025-01-27 18:04:26,001 - INFO - F1 Score: 0.6575
2025-01-27 18:04:26,001 - INFO - False Positive Rate (FPR): 0.2353
2025-01-27 18:04:26,001 - INFO - False Negative Rate (FNR): 0.4146
2025-01-27 18:04:26,001 - INFO - AUC: 0.4240
2025-01-27 18:04:26,439 - INFO - Modelo salvo com nova melhor acurácia!
2025-01-27 18:04:26,439 - INFO - Epoch 14/50
2025-01-27 18:04:26,439 - INFO - --------------------
2025-01-27 18:04:53,541 - INFO - train Loss: 0.5723 Acc: 0.6993
2025-01-27 18:04:58,953 - INFO - val Loss: 0.6682 Acc: 0.6400
2025-01-27 18:05:03,910 - INFO - Confusion Matrix:
2025-01-27 18:05:03,911 - INFO - [[28  6]
 [21 20]]
2025-01-27 18:05:03,911 - INFO - F1 Score: 0.5970
2025-01-27 18:05:03,911 - INFO - False Positive Rate (FPR): 0.1765
2025-01-27 18:05:03,911 - INFO - False Negative Rate (FNR): 0.5122
2025-01-27 18:05:03,911 - INFO - AUC: 0.4283
2025-01-27 18:05:04,497 - INFO - Epoch 15/50
2025-01-27 18:05:04,497 - INFO - --------------------
2025-01-27 18:05:29,445 - INFO - train Loss: 0.5611 Acc: 0.7200
2025-01-27 18:05:34,370 - INFO - val Loss: 0.5885 Acc: 0.6533
2025-01-27 18:05:39,914 - INFO - Confusion Matrix:
2025-01-27 18:05:39,915 - INFO - [[25  9]
 [17 24]]
2025-01-27 18:05:39,915 - INFO - F1 Score: 0.6486
2025-01-27 18:05:39,915 - INFO - False Positive Rate (FPR): 0.2647
2025-01-27 18:05:39,915 - INFO - False Negative Rate (FNR): 0.4146
2025-01-27 18:05:39,915 - INFO - AUC: 0.5065
2025-01-27 18:05:40,295 - INFO - Epoch 16/50
2025-01-27 18:05:40,295 - INFO - --------------------
2025-01-27 18:06:05,696 - INFO - train Loss: 0.5301 Acc: 0.7200
2025-01-27 18:06:10,542 - INFO - val Loss: 0.6929 Acc: 0.6133
2025-01-27 18:06:15,920 - INFO - Confusion Matrix:
2025-01-27 18:06:15,920 - INFO - [[27  7]
 [22 19]]
2025-01-27 18:06:15,920 - INFO - F1 Score: 0.5672
2025-01-27 18:06:15,921 - INFO - False Positive Rate (FPR): 0.2059
2025-01-27 18:06:15,921 - INFO - False Negative Rate (FNR): 0.5366
2025-01-27 18:06:15,921 - INFO - AUC: 0.4971
2025-01-27 18:06:16,337 - INFO - Epoch 17/50
2025-01-27 18:06:16,337 - INFO - --------------------
2025-01-27 18:06:41,112 - INFO - train Loss: 0.5286 Acc: 0.7310
2025-01-27 18:06:46,676 - INFO - val Loss: 0.6234 Acc: 0.6800
2025-01-27 18:06:52,393 - INFO - Confusion Matrix:
2025-01-27 18:06:52,394 - INFO - [[25  9]
 [15 26]]
2025-01-27 18:06:52,394 - INFO - F1 Score: 0.6842
2025-01-27 18:06:52,394 - INFO - False Positive Rate (FPR): 0.2647
2025-01-27 18:06:52,394 - INFO - False Negative Rate (FNR): 0.3659
2025-01-27 18:06:52,394 - INFO - AUC: 0.4362
2025-01-27 18:06:52,912 - INFO - Modelo salvo com nova melhor acurácia!
2025-01-27 18:06:52,912 - INFO - Epoch 18/50
2025-01-27 18:06:52,912 - INFO - --------------------
2025-01-27 18:07:16,657 - INFO - train Loss: 0.5247 Acc: 0.7352
2025-01-27 18:07:21,753 - INFO - val Loss: 0.6026 Acc: 0.7067
2025-01-27 18:07:27,047 - INFO - Confusion Matrix:
2025-01-27 18:07:27,048 - INFO - [[26  8]
 [14 27]]
2025-01-27 18:07:27,048 - INFO - F1 Score: 0.7105
2025-01-27 18:07:27,048 - INFO - False Positive Rate (FPR): 0.2353
2025-01-27 18:07:27,048 - INFO - False Negative Rate (FNR): 0.3415
2025-01-27 18:07:27,048 - INFO - AUC: 0.4677
2025-01-27 18:07:27,510 - INFO - Modelo salvo com nova melhor acurácia!
2025-01-27 18:07:27,510 - INFO - Epoch 19/50
2025-01-27 18:07:27,510 - INFO - --------------------
2025-01-27 18:07:54,128 - INFO - train Loss: 0.5029 Acc: 0.7710
2025-01-27 18:07:59,341 - INFO - val Loss: 0.5571 Acc: 0.7067
2025-01-27 18:08:04,444 - INFO - Confusion Matrix:
2025-01-27 18:08:04,444 - INFO - [[24 10]
 [12 29]]
2025-01-27 18:08:04,444 - INFO - F1 Score: 0.7250
2025-01-27 18:08:04,444 - INFO - False Positive Rate (FPR): 0.2941
2025-01-27 18:08:04,444 - INFO - False Negative Rate (FNR): 0.2927
2025-01-27 18:08:04,444 - INFO - AUC: 0.5201
2025-01-27 18:08:04,852 - INFO - Epoch 20/50
2025-01-27 18:08:04,852 - INFO - --------------------
2025-01-27 18:08:28,607 - INFO - train Loss: 0.5006 Acc: 0.7476
2025-01-27 18:08:33,869 - INFO - val Loss: 0.5769 Acc: 0.6933
2025-01-27 18:08:38,915 - INFO - Confusion Matrix:
2025-01-27 18:08:38,915 - INFO - [[25  9]
 [14 27]]
2025-01-27 18:08:38,916 - INFO - F1 Score: 0.7013
2025-01-27 18:08:38,916 - INFO - False Positive Rate (FPR): 0.2647
2025-01-27 18:08:38,916 - INFO - False Negative Rate (FNR): 0.3415
2025-01-27 18:08:38,916 - INFO - AUC: 0.4125
2025-01-27 18:08:39,299 - INFO - Epoch 21/50
2025-01-27 18:08:39,299 - INFO - --------------------
2025-01-27 18:09:04,013 - INFO - train Loss: 0.4921 Acc: 0.7738
2025-01-27 18:09:09,056 - INFO - val Loss: 0.5889 Acc: 0.6933
2025-01-27 18:09:13,555 - INFO - Confusion Matrix:
2025-01-27 18:09:13,556 - INFO - [[27  7]
 [16 25]]
2025-01-27 18:09:13,556 - INFO - F1 Score: 0.6849
2025-01-27 18:09:13,556 - INFO - False Positive Rate (FPR): 0.2059
2025-01-27 18:09:13,556 - INFO - False Negative Rate (FNR): 0.3902
2025-01-27 18:09:13,556 - INFO - AUC: 0.4139
2025-01-27 18:09:13,929 - INFO - Epoch 22/50
2025-01-27 18:09:13,929 - INFO - --------------------
2025-01-27 18:09:38,016 - INFO - train Loss: 0.4904 Acc: 0.7517
2025-01-27 18:09:43,778 - INFO - val Loss: 0.6278 Acc: 0.6667
2025-01-27 18:09:48,588 - INFO - Confusion Matrix:
2025-01-27 18:09:48,588 - INFO - [[30  4]
 [21 20]]
2025-01-27 18:09:48,588 - INFO - F1 Score: 0.6154
2025-01-27 18:09:48,589 - INFO - False Positive Rate (FPR): 0.1176
2025-01-27 18:09:48,589 - INFO - False Negative Rate (FNR): 0.5122
2025-01-27 18:09:48,589 - INFO - AUC: 0.4311
2025-01-27 18:09:48,987 - INFO - Epoch 23/50
2025-01-27 18:09:48,987 - INFO - --------------------
2025-01-27 18:10:14,237 - INFO - train Loss: 0.5084 Acc: 0.7559
2025-01-27 18:10:19,643 - INFO - val Loss: 0.7164 Acc: 0.7067
2025-01-27 18:10:24,461 - INFO - Confusion Matrix:
2025-01-27 18:10:24,462 - INFO - [[30  4]
 [18 23]]
2025-01-27 18:10:24,462 - INFO - F1 Score: 0.6765
2025-01-27 18:10:24,462 - INFO - False Positive Rate (FPR): 0.1176
2025-01-27 18:10:24,462 - INFO - False Negative Rate (FNR): 0.4390
2025-01-27 18:10:24,462 - INFO - AUC: 0.3780
2025-01-27 18:10:24,855 - INFO - Epoch 24/50
2025-01-27 18:10:24,855 - INFO - --------------------
2025-01-27 18:10:48,560 - INFO - train Loss: 0.4781 Acc: 0.7738
2025-01-27 18:10:53,779 - INFO - val Loss: 0.5974 Acc: 0.6800
2025-01-27 18:10:59,127 - INFO - Confusion Matrix:
2025-01-27 18:10:59,127 - INFO - [[30  4]
 [20 21]]
2025-01-27 18:10:59,128 - INFO - F1 Score: 0.6364
2025-01-27 18:10:59,128 - INFO - False Positive Rate (FPR): 0.1176
2025-01-27 18:10:59,128 - INFO - False Negative Rate (FNR): 0.4878
2025-01-27 18:10:59,128 - INFO - AUC: 0.4075
2025-01-27 18:10:59,530 - INFO - Epoch 25/50
2025-01-27 18:10:59,530 - INFO - --------------------
2025-01-27 18:11:24,173 - INFO - train Loss: 0.4628 Acc: 0.7683
2025-01-27 18:11:29,077 - INFO - val Loss: 0.6381 Acc: 0.6933
2025-01-27 18:11:34,237 - INFO - Confusion Matrix:
2025-01-27 18:11:34,238 - INFO - [[25  9]
 [14 27]]
2025-01-27 18:11:34,238 - INFO - F1 Score: 0.7013
2025-01-27 18:11:34,238 - INFO - False Positive Rate (FPR): 0.2647
2025-01-27 18:11:34,238 - INFO - False Negative Rate (FNR): 0.3415
2025-01-27 18:11:34,238 - INFO - AUC: 0.5122
2025-01-27 18:11:34,633 - INFO - Epoch 26/50
2025-01-27 18:11:34,633 - INFO - --------------------
2025-01-27 18:11:58,991 - INFO - train Loss: 0.4745 Acc: 0.7600
2025-01-27 18:12:03,495 - INFO - val Loss: 0.5768 Acc: 0.7067
2025-01-27 18:12:09,279 - INFO - Confusion Matrix:
2025-01-27 18:12:09,280 - INFO - [[28  6]
 [16 25]]
2025-01-27 18:12:09,280 - INFO - F1 Score: 0.6944
2025-01-27 18:12:09,280 - INFO - False Positive Rate (FPR): 0.1765
2025-01-27 18:12:09,280 - INFO - False Negative Rate (FNR): 0.3902
2025-01-27 18:12:09,280 - INFO - AUC: 0.5395
2025-01-27 18:12:09,686 - INFO - Epoch 27/50
2025-01-27 18:12:09,686 - INFO - --------------------
2025-01-27 18:12:33,298 - INFO - train Loss: 0.4732 Acc: 0.7821
2025-01-27 18:12:38,278 - INFO - val Loss: 0.7318 Acc: 0.6667
2025-01-27 18:12:43,031 - INFO - Confusion Matrix:
2025-01-27 18:12:43,032 - INFO - [[33  1]
 [24 17]]
2025-01-27 18:12:43,032 - INFO - F1 Score: 0.5763
2025-01-27 18:12:43,032 - INFO - False Positive Rate (FPR): 0.0294
2025-01-27 18:12:43,032 - INFO - False Negative Rate (FNR): 0.5854
2025-01-27 18:12:43,032 - INFO - AUC: 0.2755
2025-01-27 18:12:43,811 - INFO - Epoch 28/50
2025-01-27 18:12:43,811 - INFO - --------------------
2025-01-27 18:13:08,483 - INFO - train Loss: 0.4576 Acc: 0.7903
2025-01-27 18:13:13,569 - INFO - val Loss: 0.6322 Acc: 0.6800
2025-01-27 18:13:18,214 - INFO - Confusion Matrix:
2025-01-27 18:13:18,214 - INFO - [[26  8]
 [16 25]]
2025-01-27 18:13:18,214 - INFO - F1 Score: 0.6757
2025-01-27 18:13:18,214 - INFO - False Positive Rate (FPR): 0.2353
2025-01-27 18:13:18,214 - INFO - False Negative Rate (FNR): 0.3902
2025-01-27 18:13:18,215 - INFO - AUC: 0.6055
2025-01-27 18:13:18,593 - INFO - Epoch 29/50
2025-01-27 18:13:18,593 - INFO - --------------------
2025-01-27 18:13:42,694 - INFO - train Loss: 0.4469 Acc: 0.7890
2025-01-27 18:13:47,641 - INFO - val Loss: 0.6172 Acc: 0.7067
2025-01-27 18:13:52,162 - INFO - Confusion Matrix:
2025-01-27 18:13:52,162 - INFO - [[27  7]
 [15 26]]
2025-01-27 18:13:52,162 - INFO - F1 Score: 0.7027
2025-01-27 18:13:52,162 - INFO - False Positive Rate (FPR): 0.2059
2025-01-27 18:13:52,162 - INFO - False Negative Rate (FNR): 0.3659
2025-01-27 18:13:52,162 - INFO - AUC: 0.5811
2025-01-27 18:13:52,556 - INFO - Epoch 30/50
2025-01-27 18:13:52,557 - INFO - --------------------
2025-01-27 18:14:16,881 - INFO - train Loss: 0.4366 Acc: 0.7959
2025-01-27 18:14:21,914 - INFO - val Loss: 0.6137 Acc: 0.7200
2025-01-27 18:14:27,595 - INFO - Confusion Matrix:
2025-01-27 18:14:27,596 - INFO - [[24 10]
 [11 30]]
2025-01-27 18:14:27,596 - INFO - F1 Score: 0.7407
2025-01-27 18:14:27,596 - INFO - False Positive Rate (FPR): 0.2941
2025-01-27 18:14:27,596 - INFO - False Negative Rate (FNR): 0.2683
2025-01-27 18:14:27,596 - INFO - AUC: 0.5036
2025-01-27 18:14:28,025 - INFO - Modelo salvo com nova melhor acurácia!
2025-01-27 18:14:28,025 - INFO - Epoch 31/50
2025-01-27 18:14:28,025 - INFO - --------------------
2025-01-27 18:14:51,872 - INFO - train Loss: 0.4324 Acc: 0.7890
2025-01-27 18:14:56,949 - INFO - val Loss: 0.7541 Acc: 0.7067
2025-01-27 18:15:01,800 - INFO - Confusion Matrix:
2025-01-27 18:15:01,800 - INFO - [[31  3]
 [19 22]]
2025-01-27 18:15:01,800 - INFO - F1 Score: 0.6667
2025-01-27 18:15:01,800 - INFO - False Positive Rate (FPR): 0.0882
2025-01-27 18:15:01,800 - INFO - False Negative Rate (FNR): 0.4634
2025-01-27 18:15:01,800 - INFO - AUC: 0.3422
2025-01-27 18:15:02,172 - INFO - Epoch 32/50
2025-01-27 18:15:02,172 - INFO - --------------------
2025-01-27 18:15:26,866 - INFO - train Loss: 0.4280 Acc: 0.7917
2025-01-27 18:15:32,023 - INFO - val Loss: 0.7069 Acc: 0.7067
2025-01-27 18:15:36,787 - INFO - Confusion Matrix:
2025-01-27 18:15:36,788 - INFO - [[28  6]
 [16 25]]
2025-01-27 18:15:36,788 - INFO - F1 Score: 0.6944
2025-01-27 18:15:36,788 - INFO - False Positive Rate (FPR): 0.1765
2025-01-27 18:15:36,788 - INFO - False Negative Rate (FNR): 0.3902
2025-01-27 18:15:36,788 - INFO - AUC: 0.4892
2025-01-27 18:15:37,179 - INFO - Epoch 33/50
2025-01-27 18:15:37,179 - INFO - --------------------
2025-01-27 18:16:02,632 - INFO - train Loss: 0.4380 Acc: 0.7959
2025-01-27 18:16:07,943 - INFO - val Loss: 0.7717 Acc: 0.6800
2025-01-27 18:16:12,971 - INFO - Confusion Matrix:
2025-01-27 18:16:12,972 - INFO - [[25  9]
 [15 26]]
2025-01-27 18:16:12,972 - INFO - F1 Score: 0.6842
2025-01-27 18:16:12,972 - INFO - False Positive Rate (FPR): 0.2647
2025-01-27 18:16:12,972 - INFO - False Negative Rate (FNR): 0.3659
2025-01-27 18:16:12,972 - INFO - AUC: 0.5050
2025-01-27 18:16:13,354 - INFO - Epoch 34/50
2025-01-27 18:16:13,354 - INFO - --------------------
2025-01-27 18:16:39,065 - INFO - train Loss: 0.4262 Acc: 0.8041
2025-01-27 18:16:44,632 - INFO - val Loss: 0.8103 Acc: 0.6800
2025-01-27 18:16:49,790 - INFO - Confusion Matrix:
2025-01-27 18:16:49,791 - INFO - [[27  7]
 [17 24]]
2025-01-27 18:16:49,791 - INFO - F1 Score: 0.6667
2025-01-27 18:16:49,791 - INFO - False Positive Rate (FPR): 0.2059
2025-01-27 18:16:49,791 - INFO - False Negative Rate (FNR): 0.4146
2025-01-27 18:16:49,791 - INFO - AUC: 0.4527
2025-01-27 18:16:50,208 - INFO - Epoch 35/50
2025-01-27 18:16:50,208 - INFO - --------------------
2025-01-27 18:17:15,248 - INFO - train Loss: 0.3983 Acc: 0.8193
2025-01-27 18:17:20,872 - INFO - val Loss: 0.7470 Acc: 0.6933
2025-01-27 18:17:25,555 - INFO - Confusion Matrix:
2025-01-27 18:17:25,556 - INFO - [[26  8]
 [15 26]]
2025-01-27 18:17:25,556 - INFO - F1 Score: 0.6933
2025-01-27 18:17:25,556 - INFO - False Positive Rate (FPR): 0.2353
2025-01-27 18:17:25,556 - INFO - False Negative Rate (FNR): 0.3659
2025-01-27 18:17:25,556 - INFO - AUC: 0.5359
2025-01-27 18:17:25,956 - INFO - Epoch 36/50
2025-01-27 18:17:25,956 - INFO - --------------------
2025-01-27 18:17:53,370 - INFO - train Loss: 0.4062 Acc: 0.8179
2025-01-27 18:17:58,201 - INFO - val Loss: 0.6535 Acc: 0.7200
2025-01-27 18:18:03,647 - INFO - Confusion Matrix:
2025-01-27 18:18:03,648 - INFO - [[27  7]
 [14 27]]
2025-01-27 18:18:03,648 - INFO - F1 Score: 0.7200
2025-01-27 18:18:03,648 - INFO - False Positive Rate (FPR): 0.2059
2025-01-27 18:18:03,648 - INFO - False Negative Rate (FNR): 0.3415
2025-01-27 18:18:03,648 - INFO - AUC: 0.5416
2025-01-27 18:18:04,045 - INFO - Epoch 37/50
2025-01-27 18:18:04,045 - INFO - --------------------
2025-01-27 18:18:29,719 - INFO - train Loss: 0.4038 Acc: 0.8179
2025-01-27 18:18:34,927 - INFO - val Loss: 0.7291 Acc: 0.6933
2025-01-27 18:18:39,767 - INFO - Confusion Matrix:
2025-01-27 18:18:39,768 - INFO - [[26  8]
 [15 26]]
2025-01-27 18:18:39,768 - INFO - F1 Score: 0.6933
2025-01-27 18:18:39,768 - INFO - False Positive Rate (FPR): 0.2353
2025-01-27 18:18:39,768 - INFO - False Negative Rate (FNR): 0.3659
2025-01-27 18:18:39,768 - INFO - AUC: 0.5545
2025-01-27 18:18:40,110 - INFO - Epoch 38/50
2025-01-27 18:18:40,111 - INFO - --------------------
2025-01-27 18:19:04,444 - INFO - train Loss: 0.3947 Acc: 0.8110
2025-01-27 18:19:09,276 - INFO - val Loss: 0.7592 Acc: 0.6800
2025-01-27 18:19:14,258 - INFO - Confusion Matrix:
2025-01-27 18:19:14,259 - INFO - [[25  9]
 [15 26]]
2025-01-27 18:19:14,259 - INFO - F1 Score: 0.6842
2025-01-27 18:19:14,259 - INFO - False Positive Rate (FPR): 0.2647
2025-01-27 18:19:14,259 - INFO - False Negative Rate (FNR): 0.3659
2025-01-27 18:19:14,259 - INFO - AUC: 0.4756
2025-01-27 18:19:14,655 - INFO - Epoch 39/50
2025-01-27 18:19:14,655 - INFO - --------------------
2025-01-27 18:19:41,061 - INFO - train Loss: 0.3612 Acc: 0.8345
2025-01-27 18:19:46,221 - INFO - val Loss: 0.8038 Acc: 0.6667
2025-01-27 18:19:51,308 - INFO - Confusion Matrix:
2025-01-27 18:19:51,309 - INFO - [[26  8]
 [17 24]]
2025-01-27 18:19:51,309 - INFO - F1 Score: 0.6575
2025-01-27 18:19:51,309 - INFO - False Positive Rate (FPR): 0.2353
2025-01-27 18:19:51,309 - INFO - False Negative Rate (FNR): 0.4146
2025-01-27 18:19:51,309 - INFO - AUC: 0.5552
2025-01-27 18:19:51,677 - INFO - Epoch 40/50
2025-01-27 18:19:51,678 - INFO - --------------------
2025-01-27 18:20:16,003 - INFO - train Loss: 0.4161 Acc: 0.8069
2025-01-27 18:20:21,074 - INFO - val Loss: 0.8103 Acc: 0.6933
2025-01-27 18:20:26,570 - INFO - Confusion Matrix:
2025-01-27 18:20:26,570 - INFO - [[29  5]
 [18 23]]
2025-01-27 18:20:26,570 - INFO - F1 Score: 0.6667
2025-01-27 18:20:26,570 - INFO - False Positive Rate (FPR): 0.1471
2025-01-27 18:20:26,570 - INFO - False Negative Rate (FNR): 0.4390
2025-01-27 18:20:26,570 - INFO - AUC: 0.5746
2025-01-27 18:20:26,964 - INFO - Epoch 41/50
2025-01-27 18:20:26,964 - INFO - --------------------
2025-01-27 18:20:52,687 - INFO - train Loss: 0.3998 Acc: 0.8152
2025-01-27 18:20:58,107 - INFO - val Loss: 0.7216 Acc: 0.6933
2025-01-27 18:21:03,237 - INFO - Confusion Matrix:
2025-01-27 18:21:03,237 - INFO - [[27  7]
 [16 25]]
2025-01-27 18:21:03,237 - INFO - F1 Score: 0.6849
2025-01-27 18:21:03,238 - INFO - False Positive Rate (FPR): 0.2059
2025-01-27 18:21:03,238 - INFO - False Negative Rate (FNR): 0.3902
2025-01-27 18:21:03,238 - INFO - AUC: 0.5280
2025-01-27 18:21:03,637 - INFO - Epoch 42/50
2025-01-27 18:21:03,637 - INFO - --------------------
2025-01-27 18:21:27,380 - INFO - train Loss: 0.3858 Acc: 0.8331
2025-01-27 18:21:31,927 - INFO - val Loss: 0.6573 Acc: 0.7600
2025-01-27 18:21:36,607 - INFO - Confusion Matrix:
2025-01-27 18:21:36,607 - INFO - [[29  5]
 [13 28]]
2025-01-27 18:21:36,607 - INFO - F1 Score: 0.7568
2025-01-27 18:21:36,607 - INFO - False Positive Rate (FPR): 0.1471
2025-01-27 18:21:36,607 - INFO - False Negative Rate (FNR): 0.3171
2025-01-27 18:21:36,607 - INFO - AUC: 0.6148
2025-01-27 18:21:37,124 - INFO - Modelo salvo com nova melhor acurácia!
2025-01-27 18:21:37,124 - INFO - Epoch 43/50
2025-01-27 18:21:37,124 - INFO - --------------------
2025-01-27 18:22:02,422 - INFO - train Loss: 0.3460 Acc: 0.8441
2025-01-27 18:22:07,225 - INFO - val Loss: 0.7873 Acc: 0.7200
2025-01-27 18:22:11,953 - INFO - Confusion Matrix:
2025-01-27 18:22:11,953 - INFO - [[28  6]
 [15 26]]
2025-01-27 18:22:11,953 - INFO - F1 Score: 0.7123
2025-01-27 18:22:11,953 - INFO - False Positive Rate (FPR): 0.1765
2025-01-27 18:22:11,953 - INFO - False Negative Rate (FNR): 0.3659
2025-01-27 18:22:11,953 - INFO - AUC: 0.6600
2025-01-27 18:22:12,641 - INFO - Epoch 44/50
2025-01-27 18:22:12,641 - INFO - --------------------
2025-01-27 18:22:38,903 - INFO - train Loss: 0.3816 Acc: 0.8276
2025-01-27 18:22:43,808 - INFO - val Loss: 0.7962 Acc: 0.7067
2025-01-27 18:22:48,879 - INFO - Confusion Matrix:
2025-01-27 18:22:48,880 - INFO - [[26  8]
 [14 27]]
2025-01-27 18:22:48,880 - INFO - F1 Score: 0.7105
2025-01-27 18:22:48,880 - INFO - False Positive Rate (FPR): 0.2353
2025-01-27 18:22:48,880 - INFO - False Negative Rate (FNR): 0.3415
2025-01-27 18:22:48,880 - INFO - AUC: 0.5459
2025-01-27 18:22:49,281 - INFO - Epoch 45/50
2025-01-27 18:22:49,281 - INFO - --------------------
2025-01-27 18:23:15,450 - INFO - train Loss: 0.3721 Acc: 0.8359
2025-01-27 18:23:20,801 - INFO - val Loss: 0.7893 Acc: 0.6667
2025-01-27 18:23:25,822 - INFO - Confusion Matrix:
2025-01-27 18:23:25,822 - INFO - [[24 10]
 [15 26]]
2025-01-27 18:23:25,822 - INFO - F1 Score: 0.6753
2025-01-27 18:23:25,822 - INFO - False Positive Rate (FPR): 0.2941
2025-01-27 18:23:25,822 - INFO - False Negative Rate (FNR): 0.3659
2025-01-27 18:23:25,822 - INFO - AUC: 0.5839
2025-01-27 18:23:31,251 - INFO - Epoch 46/50
2025-01-27 18:23:31,251 - INFO - --------------------
2025-01-27 18:23:55,349 - INFO - train Loss: 0.3425 Acc: 0.8372
2025-01-27 18:24:00,278 - INFO - val Loss: 0.7241 Acc: 0.6667
2025-01-27 18:24:04,647 - INFO - Confusion Matrix:
2025-01-27 18:24:04,647 - INFO - [[24 10]
 [15 26]]
2025-01-27 18:24:04,647 - INFO - F1 Score: 0.6753
2025-01-27 18:24:04,647 - INFO - False Positive Rate (FPR): 0.2941
2025-01-27 18:24:04,647 - INFO - False Negative Rate (FNR): 0.3659
2025-01-27 18:24:04,647 - INFO - AUC: 0.6076
2025-01-27 18:24:05,020 - INFO - Epoch 47/50
2025-01-27 18:24:05,020 - INFO - --------------------
2025-01-27 18:24:29,225 - INFO - train Loss: 0.3695 Acc: 0.8345
2025-01-27 18:24:34,077 - INFO - val Loss: 0.7460 Acc: 0.7467
2025-01-27 18:24:38,992 - INFO - Confusion Matrix:
2025-01-27 18:24:38,992 - INFO - [[29  5]
 [14 27]]
2025-01-27 18:24:38,993 - INFO - F1 Score: 0.7397
2025-01-27 18:24:38,993 - INFO - False Positive Rate (FPR): 0.1471
2025-01-27 18:24:38,993 - INFO - False Negative Rate (FNR): 0.3415
2025-01-27 18:24:38,993 - INFO - AUC: 0.5861
2025-01-27 18:24:39,387 - INFO - Epoch 48/50
2025-01-27 18:24:39,387 - INFO - --------------------
2025-01-27 18:25:03,070 - INFO - train Loss: 0.3352 Acc: 0.8428
2025-01-27 18:25:07,680 - INFO - val Loss: 0.7373 Acc: 0.6800
2025-01-27 18:25:12,814 - INFO - Confusion Matrix:
2025-01-27 18:25:12,815 - INFO - [[27  7]
 [17 24]]
2025-01-27 18:25:12,815 - INFO - F1 Score: 0.6667
2025-01-27 18:25:12,815 - INFO - False Positive Rate (FPR): 0.2059
2025-01-27 18:25:12,815 - INFO - False Negative Rate (FNR): 0.4146
2025-01-27 18:25:12,815 - INFO - AUC: 0.5151
2025-01-27 18:25:13,229 - INFO - Epoch 49/50
2025-01-27 18:25:13,229 - INFO - --------------------
2025-01-27 18:25:37,472 - INFO - train Loss: 0.3265 Acc: 0.8497
2025-01-27 18:25:42,340 - INFO - val Loss: 0.7582 Acc: 0.7200
2025-01-27 18:25:46,723 - INFO - Confusion Matrix:
2025-01-27 18:25:46,723 - INFO - [[30  4]
 [17 24]]
2025-01-27 18:25:46,724 - INFO - F1 Score: 0.6957
2025-01-27 18:25:46,724 - INFO - False Positive Rate (FPR): 0.1176
2025-01-27 18:25:46,724 - INFO - False Negative Rate (FNR): 0.4146
2025-01-27 18:25:46,724 - INFO - AUC: 0.5631
2025-01-27 18:25:47,056 - INFO - Epoch 50/50
2025-01-27 18:25:47,056 - INFO - --------------------
2025-01-27 18:26:10,857 - INFO - train Loss: 0.3183 Acc: 0.8648
2025-01-27 18:26:16,328 - INFO - val Loss: 0.7143 Acc: 0.7333
2025-01-27 18:26:22,104 - INFO - Confusion Matrix:
2025-01-27 18:26:22,104 - INFO - [[28  6]
 [14 27]]
2025-01-27 18:26:22,104 - INFO - F1 Score: 0.7297
2025-01-27 18:26:22,104 - INFO - False Positive Rate (FPR): 0.1765
2025-01-27 18:26:22,104 - INFO - False Negative Rate (FNR): 0.3415
2025-01-27 18:26:22,104 - INFO - AUC: 0.6241
2025-01-27 18:26:22,508 - INFO - Melhor acurácia na validação: 0.7600
