2025-01-22 17:18:06,925 - INFO - Epoch 1/20
2025-01-22 17:18:06,926 - INFO - --------------------
2025-01-22 17:18:34,530 - INFO - train Loss: 0.6227 Acc: 0.6566
2025-01-22 17:18:38,247 - INFO - val Loss: 0.5842 Acc: 0.7200
2025-01-22 17:18:39,109 - INFO - Modelo salvo com nova melhor acurácia!
2025-01-22 17:18:39,109 - INFO - Epoch 2/20
2025-01-22 17:18:39,109 - INFO - --------------------
2025-01-22 17:19:04,982 - INFO - train Loss: 0.4710 Acc: 0.7683
2025-01-22 17:19:08,814 - INFO - val Loss: 0.5766 Acc: 0.7333
2025-01-22 17:19:09,721 - INFO - Modelo salvo com nova melhor acurácia!
2025-01-22 17:19:09,721 - INFO - Epoch 3/20
2025-01-22 17:19:09,721 - INFO - --------------------
2025-01-22 17:19:37,081 - INFO - train Loss: 0.3184 Acc: 0.8690
2025-01-22 17:19:41,186 - INFO - val Loss: 0.5932 Acc: 0.7600
2025-01-22 17:19:42,112 - INFO - Modelo salvo com nova melhor acurácia!
2025-01-22 17:19:42,112 - INFO - Epoch 4/20
2025-01-22 17:19:42,112 - INFO - --------------------
2025-01-22 17:20:08,818 - INFO - train Loss: 0.2109 Acc: 0.9214
2025-01-22 17:20:12,815 - INFO - val Loss: 0.7429 Acc: 0.7600
2025-01-22 17:20:12,815 - INFO - Epoch 5/20
2025-01-22 17:20:12,815 - INFO - --------------------
2025-01-22 17:20:38,913 - INFO - train Loss: 0.1374 Acc: 0.9517
2025-01-22 17:20:43,153 - INFO - val Loss: 0.6886 Acc: 0.7067
2025-01-22 17:20:43,154 - INFO - Epoch 6/20
2025-01-22 17:20:43,154 - INFO - --------------------
2025-01-22 17:21:09,568 - INFO - train Loss: 0.0928 Acc: 0.9614
2025-01-22 17:21:13,852 - INFO - val Loss: 0.9132 Acc: 0.7333
2025-01-22 17:21:13,853 - INFO - Epoch 7/20
2025-01-22 17:21:13,853 - INFO - --------------------
2025-01-22 17:21:39,732 - INFO - train Loss: 0.0785 Acc: 0.9766
2025-01-22 17:21:43,890 - INFO - val Loss: 0.7946 Acc: 0.7600
2025-01-22 17:21:43,890 - INFO - Epoch 8/20
2025-01-22 17:21:43,890 - INFO - --------------------
2025-01-22 17:22:09,823 - INFO - train Loss: 0.1017 Acc: 0.9641
2025-01-22 17:22:13,142 - INFO - val Loss: 0.8256 Acc: 0.7200
2025-01-22 17:22:13,143 - INFO - Epoch 9/20
2025-01-22 17:22:13,143 - INFO - --------------------
2025-01-22 17:22:39,127 - INFO - train Loss: 0.0348 Acc: 0.9890
2025-01-22 17:22:42,921 - INFO - val Loss: 1.0133 Acc: 0.7200
2025-01-22 17:22:42,921 - INFO - Epoch 10/20
2025-01-22 17:22:42,921 - INFO - --------------------
2025-01-22 17:23:09,081 - INFO - train Loss: 0.0293 Acc: 0.9917
2025-01-22 17:23:13,508 - INFO - val Loss: 1.1532 Acc: 0.8000
2025-01-22 17:23:14,431 - INFO - Modelo salvo com nova melhor acurácia!
2025-01-22 17:23:14,431 - INFO - Epoch 11/20
2025-01-22 17:23:14,431 - INFO - --------------------
2025-01-22 17:23:40,557 - INFO - train Loss: 0.0346 Acc: 0.9848
2025-01-22 17:23:45,525 - INFO - val Loss: 1.1576 Acc: 0.7067
2025-01-22 17:23:45,525 - INFO - Epoch 12/20
2025-01-22 17:23:45,525 - INFO - --------------------
2025-01-22 17:24:12,247 - INFO - train Loss: 0.0418 Acc: 0.9876
2025-01-22 17:24:16,502 - INFO - val Loss: 1.2453 Acc: 0.7733
2025-01-22 17:24:16,502 - INFO - Epoch 13/20
2025-01-22 17:24:16,502 - INFO - --------------------
2025-01-22 17:24:41,870 - INFO - train Loss: 0.0848 Acc: 0.9697
2025-01-22 17:24:46,455 - INFO - val Loss: 1.1454 Acc: 0.7600
2025-01-22 17:24:46,455 - INFO - Epoch 14/20
2025-01-22 17:24:46,455 - INFO - --------------------
2025-01-22 17:25:12,260 - INFO - train Loss: 0.1031 Acc: 0.9669
2025-01-22 17:25:16,395 - INFO - val Loss: 1.0254 Acc: 0.7467
2025-01-22 17:25:16,396 - INFO - Epoch 15/20
2025-01-22 17:25:16,396 - INFO - --------------------
2025-01-22 17:25:41,471 - INFO - train Loss: 0.0223 Acc: 0.9931
2025-01-22 17:25:46,696 - INFO - val Loss: 1.1700 Acc: 0.7867
2025-01-22 17:25:46,697 - INFO - Epoch 16/20
2025-01-22 17:25:46,697 - INFO - --------------------
2025-01-22 17:26:11,802 - INFO - train Loss: 0.0164 Acc: 0.9945
2025-01-22 17:26:15,957 - INFO - val Loss: 1.2630 Acc: 0.7600
2025-01-22 17:26:15,958 - INFO - Epoch 17/20
2025-01-22 17:26:15,958 - INFO - --------------------
2025-01-22 17:26:42,143 - INFO - train Loss: 0.0394 Acc: 0.9862
2025-01-22 17:26:45,747 - INFO - val Loss: 1.2720 Acc: 0.7333
2025-01-22 17:26:45,748 - INFO - Epoch 18/20
2025-01-22 17:26:45,748 - INFO - --------------------
2025-01-22 17:27:12,083 - INFO - train Loss: 0.0128 Acc: 0.9959
2025-01-22 17:27:15,580 - INFO - val Loss: 1.3166 Acc: 0.7600
2025-01-22 17:27:15,580 - INFO - Epoch 19/20
2025-01-22 17:27:15,580 - INFO - --------------------
2025-01-22 17:27:42,394 - INFO - train Loss: 0.0066 Acc: 0.9986
2025-01-22 17:27:45,909 - INFO - val Loss: 1.3199 Acc: 0.7600
2025-01-22 17:27:45,910 - INFO - Epoch 20/20
2025-01-22 17:27:45,910 - INFO - --------------------
2025-01-22 17:28:11,734 - INFO - train Loss: 0.0040 Acc: 1.0000
2025-01-22 17:28:15,222 - INFO - val Loss: 1.3431 Acc: 0.7467
2025-01-22 17:28:15,222 - INFO - Melhor acurácia na validação: 0.8000
2025-01-22 20:02:58,976 - INFO - Epoch 1/20
2025-01-22 20:02:58,976 - INFO - --------------------
2025-01-22 20:03:24,614 - INFO - train Loss: 0.6077 Acc: 0.6772
2025-01-22 20:03:29,001 - INFO - val Loss: 0.4784 Acc: 0.8000
2025-01-22 20:03:33,480 - INFO - Confusion Matrix:
2025-01-22 20:03:33,480 - INFO - [[25  9]
 [ 6 35]]
2025-01-22 20:03:33,480 - INFO - F1 Score: 0.8235
2025-01-22 20:03:33,481 - INFO - False Positive Rate (FPR): 0.2647
2025-01-22 20:03:33,481 - INFO - False Negative Rate (FNR): 0.1463
2025-01-22 20:03:33,481 - INFO - AUC: 0.8558
2025-01-22 20:03:34,781 - INFO - Modelo salvo com nova melhor acurácia!
2025-01-22 20:03:34,781 - INFO - Epoch 2/20
2025-01-22 20:03:34,781 - INFO - --------------------
2025-01-22 20:04:01,409 - INFO - train Loss: 0.4372 Acc: 0.8041
2025-01-22 20:04:04,765 - INFO - val Loss: 0.6512 Acc: 0.7333
2025-01-22 20:04:07,988 - INFO - Confusion Matrix:
2025-01-22 20:04:07,989 - INFO - [[14 20]
 [ 0 41]]
2025-01-22 20:04:07,989 - INFO - F1 Score: 0.8039
2025-01-22 20:04:07,989 - INFO - False Positive Rate (FPR): 0.5882
2025-01-22 20:04:07,989 - INFO - False Negative Rate (FNR): 0.0000
2025-01-22 20:04:07,989 - INFO - AUC: 0.8451
2025-01-22 20:04:08,490 - INFO - Epoch 3/20
2025-01-22 20:04:08,490 - INFO - --------------------
2025-01-22 20:04:34,250 - INFO - train Loss: 0.3101 Acc: 0.8759
2025-01-22 20:04:38,738 - INFO - val Loss: 0.5679 Acc: 0.7867
2025-01-22 20:04:42,568 - INFO - Confusion Matrix:
2025-01-22 20:04:42,569 - INFO - [[29  5]
 [11 30]]
2025-01-22 20:04:42,569 - INFO - F1 Score: 0.7895
2025-01-22 20:04:42,569 - INFO - False Positive Rate (FPR): 0.1471
2025-01-22 20:04:42,569 - INFO - False Negative Rate (FNR): 0.2683
2025-01-22 20:04:42,569 - INFO - AUC: 0.8343
2025-01-22 20:04:42,959 - INFO - Epoch 4/20
2025-01-22 20:04:42,959 - INFO - --------------------
2025-01-22 20:05:08,717 - INFO - train Loss: 0.2078 Acc: 0.9076
2025-01-22 20:05:12,685 - INFO - val Loss: 0.6049 Acc: 0.8000
2025-01-22 20:05:16,535 - INFO - Confusion Matrix:
2025-01-22 20:05:16,535 - INFO - [[30  4]
 [11 30]]
2025-01-22 20:05:16,535 - INFO - F1 Score: 0.8000
2025-01-22 20:05:16,535 - INFO - False Positive Rate (FPR): 0.1176
2025-01-22 20:05:16,535 - INFO - False Negative Rate (FNR): 0.2683
2025-01-22 20:05:16,535 - INFO - AUC: 0.8565
2025-01-22 20:05:16,932 - INFO - Epoch 5/20
2025-01-22 20:05:16,932 - INFO - --------------------
2025-01-22 20:05:42,076 - INFO - train Loss: 0.1303 Acc: 0.9545
2025-01-22 20:05:46,343 - INFO - val Loss: 0.7560 Acc: 0.7733
2025-01-22 20:05:50,187 - INFO - Confusion Matrix:
2025-01-22 20:05:50,188 - INFO - [[24 10]
 [ 7 34]]
2025-01-22 20:05:50,188 - INFO - F1 Score: 0.8000
2025-01-22 20:05:50,188 - INFO - False Positive Rate (FPR): 0.2941
2025-01-22 20:05:50,188 - INFO - False Negative Rate (FNR): 0.1707
2025-01-22 20:05:50,188 - INFO - AUC: 0.8257
2025-01-22 20:05:50,566 - INFO - Epoch 6/20
2025-01-22 20:05:50,566 - INFO - --------------------
2025-01-22 20:06:17,145 - INFO - train Loss: 0.1087 Acc: 0.9517
2025-01-22 20:06:20,964 - INFO - val Loss: 0.7778 Acc: 0.8000
2025-01-22 20:06:24,787 - INFO - Confusion Matrix:
2025-01-22 20:06:24,788 - INFO - [[31  3]
 [12 29]]
2025-01-22 20:06:24,788 - INFO - F1 Score: 0.7945
2025-01-22 20:06:24,788 - INFO - False Positive Rate (FPR): 0.0882
2025-01-22 20:06:24,788 - INFO - False Negative Rate (FNR): 0.2927
2025-01-22 20:06:24,788 - INFO - AUC: 0.8429
2025-01-22 20:06:25,196 - INFO - Epoch 7/20
2025-01-22 20:06:25,196 - INFO - --------------------
2025-01-22 20:06:51,375 - INFO - train Loss: 0.0610 Acc: 0.9807
2025-01-22 20:06:54,474 - INFO - val Loss: 0.9422 Acc: 0.8267
2025-01-22 20:06:57,715 - INFO - Confusion Matrix:
2025-01-22 20:06:57,715 - INFO - [[27  7]
 [ 6 35]]
2025-01-22 20:06:57,715 - INFO - F1 Score: 0.8434
2025-01-22 20:06:57,715 - INFO - False Positive Rate (FPR): 0.2059
2025-01-22 20:06:57,715 - INFO - False Negative Rate (FNR): 0.1463
2025-01-22 20:06:57,715 - INFO - AUC: 0.8314
2025-01-22 20:06:59,007 - INFO - Modelo salvo com nova melhor acurácia!
2025-01-22 20:06:59,007 - INFO - Epoch 8/20
2025-01-22 20:06:59,007 - INFO - --------------------
2025-01-22 20:07:25,183 - INFO - train Loss: 0.0610 Acc: 0.9752
2025-01-22 20:07:28,852 - INFO - val Loss: 0.9062 Acc: 0.8133
2025-01-22 20:07:32,416 - INFO - Confusion Matrix:
2025-01-22 20:07:32,417 - INFO - [[30  4]
 [10 31]]
2025-01-22 20:07:32,417 - INFO - F1 Score: 0.8158
2025-01-22 20:07:32,417 - INFO - False Positive Rate (FPR): 0.1176
2025-01-22 20:07:32,417 - INFO - False Negative Rate (FNR): 0.2439
2025-01-22 20:07:32,417 - INFO - AUC: 0.8501
2025-01-22 20:07:32,802 - INFO - Epoch 9/20
2025-01-22 20:07:32,802 - INFO - --------------------
2025-01-22 20:07:57,548 - INFO - train Loss: 0.0268 Acc: 0.9931
2025-01-22 20:08:00,873 - INFO - val Loss: 0.9842 Acc: 0.8400
2025-01-22 20:08:04,482 - INFO - Confusion Matrix:
2025-01-22 20:08:04,483 - INFO - [[30  4]
 [ 8 33]]
2025-01-22 20:08:04,483 - INFO - F1 Score: 0.8462
2025-01-22 20:08:04,483 - INFO - False Positive Rate (FPR): 0.1176
2025-01-22 20:08:04,483 - INFO - False Negative Rate (FNR): 0.1951
2025-01-22 20:08:04,483 - INFO - AUC: 0.8565
2025-01-22 20:08:05,756 - INFO - Modelo salvo com nova melhor acurácia!
2025-01-22 20:08:05,756 - INFO - Epoch 10/20
2025-01-22 20:08:05,757 - INFO - --------------------
2025-01-22 20:08:31,380 - INFO - train Loss: 0.0328 Acc: 0.9903
2025-01-22 20:08:36,117 - INFO - val Loss: 1.1037 Acc: 0.8133
2025-01-22 20:08:39,479 - INFO - Confusion Matrix:
2025-01-22 20:08:39,479 - INFO - [[26  8]
 [ 6 35]]
2025-01-22 20:08:39,479 - INFO - F1 Score: 0.8333
2025-01-22 20:08:39,480 - INFO - False Positive Rate (FPR): 0.2353
2025-01-22 20:08:39,480 - INFO - False Negative Rate (FNR): 0.1463
2025-01-22 20:08:39,480 - INFO - AUC: 0.8472
2025-01-22 20:08:39,868 - INFO - Epoch 11/20
2025-01-22 20:08:39,869 - INFO - --------------------
2025-01-22 20:09:05,332 - INFO - train Loss: 0.0454 Acc: 0.9862
2025-01-22 20:09:08,785 - INFO - val Loss: 0.9930 Acc: 0.7733
2025-01-22 20:09:12,611 - INFO - Confusion Matrix:
2025-01-22 20:09:12,611 - INFO - [[29  5]
 [12 29]]
2025-01-22 20:09:12,611 - INFO - F1 Score: 0.7733
2025-01-22 20:09:12,611 - INFO - False Positive Rate (FPR): 0.1471
2025-01-22 20:09:12,611 - INFO - False Negative Rate (FNR): 0.2927
2025-01-22 20:09:12,611 - INFO - AUC: 0.8486
2025-01-22 20:09:12,982 - INFO - Epoch 12/20
2025-01-22 20:09:12,982 - INFO - --------------------
2025-01-22 20:09:39,230 - INFO - train Loss: 0.0319 Acc: 0.9903
2025-01-22 20:09:42,426 - INFO - val Loss: 1.4253 Acc: 0.7467
2025-01-22 20:09:45,422 - INFO - Confusion Matrix:
2025-01-22 20:09:45,422 - INFO - [[31  3]
 [16 25]]
2025-01-22 20:09:45,422 - INFO - F1 Score: 0.7246
2025-01-22 20:09:45,422 - INFO - False Positive Rate (FPR): 0.0882
2025-01-22 20:09:45,422 - INFO - False Negative Rate (FNR): 0.3902
2025-01-22 20:09:45,422 - INFO - AUC: 0.8336
2025-01-22 20:09:45,818 - INFO - Epoch 13/20
2025-01-22 20:09:45,818 - INFO - --------------------
2025-01-22 20:10:10,185 - INFO - train Loss: 0.0320 Acc: 0.9917
2025-01-22 20:10:13,750 - INFO - val Loss: 1.1593 Acc: 0.7467
2025-01-22 20:10:17,570 - INFO - Confusion Matrix:
2025-01-22 20:10:17,570 - INFO - [[30  4]
 [15 26]]
2025-01-22 20:10:17,570 - INFO - F1 Score: 0.7324
2025-01-22 20:10:17,570 - INFO - False Positive Rate (FPR): 0.1176
2025-01-22 20:10:17,571 - INFO - False Negative Rate (FNR): 0.3659
2025-01-22 20:10:17,571 - INFO - AUC: 0.8494
2025-01-22 20:10:17,945 - INFO - Epoch 14/20
2025-01-22 20:10:17,946 - INFO - --------------------
2025-01-22 20:10:42,790 - INFO - train Loss: 0.0438 Acc: 0.9807
2025-01-22 20:10:46,611 - INFO - val Loss: 1.1051 Acc: 0.7733
2025-01-22 20:10:51,136 - INFO - Confusion Matrix:
2025-01-22 20:10:51,137 - INFO - [[29  5]
 [12 29]]
2025-01-22 20:10:51,137 - INFO - F1 Score: 0.7733
2025-01-22 20:10:51,137 - INFO - False Positive Rate (FPR): 0.1471
2025-01-22 20:10:51,137 - INFO - False Negative Rate (FNR): 0.2927
2025-01-22 20:10:51,137 - INFO - AUC: 0.8451
2025-01-22 20:10:51,526 - INFO - Epoch 15/20
2025-01-22 20:10:51,526 - INFO - --------------------
2025-01-22 20:11:16,988 - INFO - train Loss: 0.0417 Acc: 0.9834
2025-01-22 20:11:21,506 - INFO - val Loss: 1.2186 Acc: 0.7867
2025-01-22 20:11:25,337 - INFO - Confusion Matrix:
2025-01-22 20:11:25,337 - INFO - [[28  6]
 [10 31]]
2025-01-22 20:11:25,337 - INFO - F1 Score: 0.7949
2025-01-22 20:11:25,337 - INFO - False Positive Rate (FPR): 0.1765
2025-01-22 20:11:25,337 - INFO - False Negative Rate (FNR): 0.2439
2025-01-22 20:11:25,337 - INFO - AUC: 0.8400
2025-01-22 20:11:25,718 - INFO - Epoch 16/20
2025-01-22 20:11:25,718 - INFO - --------------------
2025-01-22 20:11:51,774 - INFO - train Loss: 0.1717 Acc: 0.9379
2025-01-22 20:11:56,008 - INFO - val Loss: 0.8054 Acc: 0.8000
2025-01-22 20:12:00,408 - INFO - Confusion Matrix:
2025-01-22 20:12:00,408 - INFO - [[27  7]
 [ 8 33]]
2025-01-22 20:12:00,408 - INFO - F1 Score: 0.8148
2025-01-22 20:12:00,408 - INFO - False Positive Rate (FPR): 0.2059
2025-01-22 20:12:00,408 - INFO - False Negative Rate (FNR): 0.1951
2025-01-22 20:12:00,408 - INFO - AUC: 0.8630
2025-01-22 20:12:00,787 - INFO - Epoch 17/20
2025-01-22 20:12:00,787 - INFO - --------------------
2025-01-22 20:12:26,328 - INFO - train Loss: 0.0469 Acc: 0.9848
2025-01-22 20:12:30,571 - INFO - val Loss: 0.9180 Acc: 0.7600
2025-01-22 20:12:34,570 - INFO - Confusion Matrix:
2025-01-22 20:12:34,571 - INFO - [[28  6]
 [12 29]]
2025-01-22 20:12:34,571 - INFO - F1 Score: 0.7632
2025-01-22 20:12:34,571 - INFO - False Positive Rate (FPR): 0.1765
2025-01-22 20:12:34,571 - INFO - False Negative Rate (FNR): 0.2927
2025-01-22 20:12:34,571 - INFO - AUC: 0.8501
2025-01-22 20:12:34,957 - INFO - Epoch 18/20
2025-01-22 20:12:34,957 - INFO - --------------------
2025-01-22 20:13:01,274 - INFO - train Loss: 0.0358 Acc: 0.9890
2025-01-22 20:13:05,069 - INFO - val Loss: 0.9873 Acc: 0.7600
2025-01-22 20:13:10,096 - INFO - Confusion Matrix:
2025-01-22 20:13:10,097 - INFO - [[28  6]
 [12 29]]
2025-01-22 20:13:10,097 - INFO - F1 Score: 0.7632
2025-01-22 20:13:10,097 - INFO - False Positive Rate (FPR): 0.1765
2025-01-22 20:13:10,097 - INFO - False Negative Rate (FNR): 0.2927
2025-01-22 20:13:10,097 - INFO - AUC: 0.8372
2025-01-22 20:13:10,468 - INFO - Epoch 19/20
2025-01-22 20:13:10,468 - INFO - --------------------
2025-01-22 20:13:35,397 - INFO - train Loss: 0.0114 Acc: 0.9959
2025-01-22 20:13:39,404 - INFO - val Loss: 1.0348 Acc: 0.7733
2025-01-22 20:13:42,655 - INFO - Confusion Matrix:
2025-01-22 20:13:42,655 - INFO - [[27  7]
 [10 31]]
2025-01-22 20:13:42,655 - INFO - F1 Score: 0.7848
2025-01-22 20:13:42,656 - INFO - False Positive Rate (FPR): 0.2059
2025-01-22 20:13:42,656 - INFO - False Negative Rate (FNR): 0.2439
2025-01-22 20:13:42,656 - INFO - AUC: 0.8443
2025-01-22 20:13:43,422 - INFO - Epoch 20/20
2025-01-22 20:13:43,422 - INFO - --------------------
2025-01-22 20:14:09,034 - INFO - train Loss: 0.0150 Acc: 0.9972
2025-01-22 20:14:13,201 - INFO - val Loss: 1.1750 Acc: 0.7600
2025-01-22 20:14:17,171 - INFO - Confusion Matrix:
2025-01-22 20:14:17,171 - INFO - [[29  5]
 [13 28]]
2025-01-22 20:14:17,171 - INFO - F1 Score: 0.7568
2025-01-22 20:14:17,171 - INFO - False Positive Rate (FPR): 0.1471
2025-01-22 20:14:17,171 - INFO - False Negative Rate (FNR): 0.3171
2025-01-22 20:14:17,171 - INFO - AUC: 0.8386
2025-01-22 20:14:17,522 - INFO - Melhor acurácia na validação: 0.8400
