2025-01-27 13:29:42,530 - INFO - Epoch 1/50
2025-01-27 13:29:42,531 - INFO - --------------------
2025-01-27 13:29:50,083 - INFO - train Loss: 0.7091 Acc: 0.5103
2025-01-27 13:29:50,478 - INFO - val Loss: 0.6812 Acc: 0.5467
2025-01-27 13:29:50,881 - INFO - Confusion Matrix:
2025-01-27 13:29:50,882 - INFO - [[ 0 34]
 [ 0 41]]
2025-01-27 13:29:50,882 - INFO - F1 Score: 0.7069
2025-01-27 13:29:50,882 - INFO - False Positive Rate (FPR): 1.0000
2025-01-27 13:29:50,882 - INFO - False Negative Rate (FNR): 0.0000
2025-01-27 13:29:50,882 - INFO - AUC: 0.6234
2025-01-27 13:29:52,568 - INFO - Modelo salvo com nova melhor acurácia!
2025-01-27 13:29:52,568 - INFO - Epoch 2/50
2025-01-27 13:29:52,568 - INFO - --------------------
2025-01-27 13:29:59,532 - INFO - train Loss: 0.6894 Acc: 0.5545
2025-01-27 13:29:59,934 - INFO - val Loss: 0.7014 Acc: 0.4533
2025-01-27 13:30:00,341 - INFO - Confusion Matrix:
2025-01-27 13:30:00,341 - INFO - [[34  0]
 [41  0]]
2025-01-27 13:30:00,342 - INFO - F1 Score: 0.0000
2025-01-27 13:30:00,342 - INFO - False Positive Rate (FPR): 0.0000
2025-01-27 13:30:00,342 - INFO - False Negative Rate (FNR): 1.0000
2025-01-27 13:30:00,342 - INFO - AUC: 0.5029
2025-01-27 13:30:00,750 - INFO - Epoch 3/50
2025-01-27 13:30:00,750 - INFO - --------------------
2025-01-27 13:30:07,652 - INFO - train Loss: 0.6908 Acc: 0.5172
2025-01-27 13:30:08,039 - INFO - val Loss: 0.6875 Acc: 0.5600
2025-01-27 13:30:08,434 - INFO - Confusion Matrix:
2025-01-27 13:30:08,434 - INFO - [[27  7]
 [26 15]]
2025-01-27 13:30:08,434 - INFO - F1 Score: 0.4762
2025-01-27 13:30:08,434 - INFO - False Positive Rate (FPR): 0.2059
2025-01-27 13:30:08,434 - INFO - False Negative Rate (FNR): 0.6341
2025-01-27 13:30:08,434 - INFO - AUC: 0.4907
2025-01-27 13:30:10,363 - INFO - Modelo salvo com nova melhor acurácia!
2025-01-27 13:30:10,364 - INFO - Epoch 4/50
2025-01-27 13:30:10,364 - INFO - --------------------
2025-01-27 13:30:17,289 - INFO - train Loss: 0.6859 Acc: 0.5338
2025-01-27 13:30:17,687 - INFO - val Loss: 0.6858 Acc: 0.5467
2025-01-27 13:30:18,086 - INFO - Confusion Matrix:
2025-01-27 13:30:18,086 - INFO - [[ 0 34]
 [ 0 41]]
2025-01-27 13:30:18,087 - INFO - F1 Score: 0.7069
2025-01-27 13:30:18,087 - INFO - False Positive Rate (FPR): 1.0000
2025-01-27 13:30:18,087 - INFO - False Negative Rate (FNR): 0.0000
2025-01-27 13:30:18,087 - INFO - AUC: 0.6284
2025-01-27 13:30:18,436 - INFO - Epoch 5/50
2025-01-27 13:30:18,436 - INFO - --------------------
2025-01-27 13:30:25,358 - INFO - train Loss: 0.6682 Acc: 0.5807
2025-01-27 13:30:25,768 - INFO - val Loss: 0.6134 Acc: 0.6800
2025-01-27 13:30:26,161 - INFO - Confusion Matrix:
2025-01-27 13:30:26,161 - INFO - [[18 16]
 [ 8 33]]
2025-01-27 13:30:26,161 - INFO - F1 Score: 0.7333
2025-01-27 13:30:26,162 - INFO - False Positive Rate (FPR): 0.4706
2025-01-27 13:30:26,162 - INFO - False Negative Rate (FNR): 0.1951
2025-01-27 13:30:26,162 - INFO - AUC: 0.7575
2025-01-27 13:30:27,913 - INFO - Modelo salvo com nova melhor acurácia!
2025-01-27 13:30:27,913 - INFO - Epoch 6/50
2025-01-27 13:30:27,913 - INFO - --------------------
2025-01-27 13:30:34,896 - INFO - train Loss: 0.6514 Acc: 0.6179
2025-01-27 13:30:35,287 - INFO - val Loss: 0.6509 Acc: 0.6267
2025-01-27 13:30:35,683 - INFO - Confusion Matrix:
2025-01-27 13:30:35,683 - INFO - [[20 14]
 [14 27]]
2025-01-27 13:30:35,683 - INFO - F1 Score: 0.6585
2025-01-27 13:30:35,683 - INFO - False Positive Rate (FPR): 0.4118
2025-01-27 13:30:35,684 - INFO - False Negative Rate (FNR): 0.3415
2025-01-27 13:30:35,684 - INFO - AUC: 0.7030
2025-01-27 13:30:36,072 - INFO - Epoch 7/50
2025-01-27 13:30:36,072 - INFO - --------------------
2025-01-27 13:30:43,024 - INFO - train Loss: 0.6370 Acc: 0.6648
2025-01-27 13:30:43,440 - INFO - val Loss: 0.6456 Acc: 0.6133
2025-01-27 13:30:43,838 - INFO - Confusion Matrix:
2025-01-27 13:30:43,838 - INFO - [[23 11]
 [18 23]]
2025-01-27 13:30:43,838 - INFO - F1 Score: 0.6133
2025-01-27 13:30:43,838 - INFO - False Positive Rate (FPR): 0.3235
2025-01-27 13:30:43,838 - INFO - False Negative Rate (FNR): 0.4390
2025-01-27 13:30:43,838 - INFO - AUC: 0.7052
2025-01-27 13:30:44,193 - INFO - Epoch 8/50
2025-01-27 13:30:44,193 - INFO - --------------------
2025-01-27 13:30:51,098 - INFO - train Loss: 0.6113 Acc: 0.6897
2025-01-27 13:30:51,512 - INFO - val Loss: 0.6546 Acc: 0.6133
2025-01-27 13:30:51,921 - INFO - Confusion Matrix:
2025-01-27 13:30:51,922 - INFO - [[22 12]
 [17 24]]
2025-01-27 13:30:51,922 - INFO - F1 Score: 0.6234
2025-01-27 13:30:51,922 - INFO - False Positive Rate (FPR): 0.3529
2025-01-27 13:30:51,922 - INFO - False Negative Rate (FNR): 0.4146
2025-01-27 13:30:51,922 - INFO - AUC: 0.6284
2025-01-27 13:30:52,345 - INFO - Epoch 9/50
2025-01-27 13:30:52,345 - INFO - --------------------
2025-01-27 13:30:59,259 - INFO - train Loss: 0.5839 Acc: 0.7062
2025-01-27 13:30:59,682 - INFO - val Loss: 0.7058 Acc: 0.5867
2025-01-27 13:31:00,094 - INFO - Confusion Matrix:
2025-01-27 13:31:00,094 - INFO - [[13 21]
 [10 31]]
2025-01-27 13:31:00,094 - INFO - F1 Score: 0.6667
2025-01-27 13:31:00,094 - INFO - False Positive Rate (FPR): 0.6176
2025-01-27 13:31:00,094 - INFO - False Negative Rate (FNR): 0.2439
2025-01-27 13:31:00,094 - INFO - AUC: 0.7260
2025-01-27 13:31:00,464 - INFO - Epoch 10/50
2025-01-27 13:31:00,464 - INFO - --------------------
2025-01-27 13:31:07,406 - INFO - train Loss: 0.5639 Acc: 0.7007
2025-01-27 13:31:07,824 - INFO - val Loss: 0.7267 Acc: 0.6133
2025-01-27 13:31:08,222 - INFO - Confusion Matrix:
2025-01-27 13:31:08,223 - INFO - [[17 17]
 [12 29]]
2025-01-27 13:31:08,223 - INFO - F1 Score: 0.6667
2025-01-27 13:31:08,223 - INFO - False Positive Rate (FPR): 0.5000
2025-01-27 13:31:08,223 - INFO - False Negative Rate (FNR): 0.2927
2025-01-27 13:31:08,223 - INFO - AUC: 0.6736
2025-01-27 13:31:08,634 - INFO - Epoch 11/50
2025-01-27 13:31:08,634 - INFO - --------------------
2025-01-27 13:31:15,602 - INFO - train Loss: 0.5118 Acc: 0.7462
2025-01-27 13:31:16,030 - INFO - val Loss: 0.6997 Acc: 0.6133
2025-01-27 13:31:16,440 - INFO - Confusion Matrix:
2025-01-27 13:31:16,440 - INFO - [[23 11]
 [18 23]]
2025-01-27 13:31:16,440 - INFO - F1 Score: 0.6133
2025-01-27 13:31:16,440 - INFO - False Positive Rate (FPR): 0.3235
2025-01-27 13:31:16,440 - INFO - False Negative Rate (FNR): 0.4390
2025-01-27 13:31:16,440 - INFO - AUC: 0.4950
2025-01-27 13:31:16,801 - INFO - Epoch 12/50
2025-01-27 13:31:16,801 - INFO - --------------------
2025-01-27 13:31:23,762 - INFO - train Loss: 0.5349 Acc: 0.7255
2025-01-27 13:31:24,174 - INFO - val Loss: 0.6756 Acc: 0.5600
2025-01-27 13:31:24,591 - INFO - Confusion Matrix:
2025-01-27 13:31:24,591 - INFO - [[26  8]
 [25 16]]
2025-01-27 13:31:24,591 - INFO - F1 Score: 0.4923
2025-01-27 13:31:24,591 - INFO - False Positive Rate (FPR): 0.2353
2025-01-27 13:31:24,592 - INFO - False Negative Rate (FNR): 0.6098
2025-01-27 13:31:24,592 - INFO - AUC: 0.4935
2025-01-27 13:31:24,998 - INFO - Epoch 13/50
2025-01-27 13:31:24,998 - INFO - --------------------
2025-01-27 13:31:31,927 - INFO - train Loss: 0.4805 Acc: 0.7903
2025-01-27 13:31:32,344 - INFO - val Loss: 0.7165 Acc: 0.5600
2025-01-27 13:31:32,743 - INFO - Confusion Matrix:
2025-01-27 13:31:32,743 - INFO - [[17 17]
 [16 25]]
2025-01-27 13:31:32,743 - INFO - F1 Score: 0.6024
2025-01-27 13:31:32,743 - INFO - False Positive Rate (FPR): 0.5000
2025-01-27 13:31:32,743 - INFO - False Negative Rate (FNR): 0.3902
2025-01-27 13:31:32,743 - INFO - AUC: 0.5890
2025-01-27 13:31:33,123 - INFO - Epoch 14/50
2025-01-27 13:31:33,123 - INFO - --------------------
2025-01-27 13:31:40,097 - INFO - train Loss: 0.4659 Acc: 0.8028
2025-01-27 13:31:40,526 - INFO - val Loss: 0.8043 Acc: 0.5600
2025-01-27 13:31:40,923 - INFO - Confusion Matrix:
2025-01-27 13:31:40,923 - INFO - [[16 18]
 [15 26]]
2025-01-27 13:31:40,923 - INFO - F1 Score: 0.6118
2025-01-27 13:31:40,923 - INFO - False Positive Rate (FPR): 0.5294
2025-01-27 13:31:40,923 - INFO - False Negative Rate (FNR): 0.3659
2025-01-27 13:31:40,923 - INFO - AUC: 0.5854
2025-01-27 13:31:41,487 - INFO - Epoch 15/50
2025-01-27 13:31:41,487 - INFO - --------------------
2025-01-27 13:31:48,400 - INFO - train Loss: 0.4076 Acc: 0.8303
2025-01-27 13:31:48,804 - INFO - val Loss: 0.8562 Acc: 0.6533
2025-01-27 13:31:49,193 - INFO - Confusion Matrix:
2025-01-27 13:31:49,193 - INFO - [[21 13]
 [13 28]]
2025-01-27 13:31:49,194 - INFO - F1 Score: 0.6829
2025-01-27 13:31:49,194 - INFO - False Positive Rate (FPR): 0.3824
2025-01-27 13:31:49,194 - INFO - False Negative Rate (FNR): 0.3171
2025-01-27 13:31:49,194 - INFO - AUC: 0.5574
2025-01-27 13:31:49,531 - INFO - Epoch 16/50
2025-01-27 13:31:49,532 - INFO - --------------------
2025-01-27 13:31:56,504 - INFO - train Loss: 0.3660 Acc: 0.8455
2025-01-27 13:31:56,923 - INFO - val Loss: 0.8669 Acc: 0.6133
2025-01-27 13:31:57,335 - INFO - Confusion Matrix:
2025-01-27 13:31:57,335 - INFO - [[21 13]
 [16 25]]
2025-01-27 13:31:57,335 - INFO - F1 Score: 0.6329
2025-01-27 13:31:57,336 - INFO - False Positive Rate (FPR): 0.3824
2025-01-27 13:31:57,336 - INFO - False Negative Rate (FNR): 0.3902
2025-01-27 13:31:57,336 - INFO - AUC: 0.5445
2025-01-27 13:31:57,699 - INFO - Epoch 17/50
2025-01-27 13:31:57,699 - INFO - --------------------
2025-01-27 13:32:04,665 - INFO - train Loss: 0.4109 Acc: 0.8055
2025-01-27 13:32:05,080 - INFO - val Loss: 0.9305 Acc: 0.5600
2025-01-27 13:32:05,496 - INFO - Confusion Matrix:
2025-01-27 13:32:05,497 - INFO - [[15 19]
 [14 27]]
2025-01-27 13:32:05,497 - INFO - F1 Score: 0.6207
2025-01-27 13:32:05,497 - INFO - False Positive Rate (FPR): 0.5588
2025-01-27 13:32:05,497 - INFO - False Negative Rate (FNR): 0.3415
2025-01-27 13:32:05,497 - INFO - AUC: 0.5954
2025-01-27 13:32:05,877 - INFO - Epoch 18/50
2025-01-27 13:32:05,877 - INFO - --------------------
2025-01-27 13:32:12,828 - INFO - train Loss: 0.3643 Acc: 0.8469
2025-01-27 13:32:13,248 - INFO - val Loss: 0.8824 Acc: 0.6267
2025-01-27 13:32:13,670 - INFO - Confusion Matrix:
2025-01-27 13:32:13,670 - INFO - [[23 11]
 [17 24]]
2025-01-27 13:32:13,670 - INFO - F1 Score: 0.6316
2025-01-27 13:32:13,670 - INFO - False Positive Rate (FPR): 0.3235
2025-01-27 13:32:13,670 - INFO - False Negative Rate (FNR): 0.4146
2025-01-27 13:32:13,670 - INFO - AUC: 0.6047
2025-01-27 13:32:14,063 - INFO - Epoch 19/50
2025-01-27 13:32:14,063 - INFO - --------------------
2025-01-27 13:32:21,016 - INFO - train Loss: 0.2915 Acc: 0.8772
2025-01-27 13:32:21,446 - INFO - val Loss: 1.4629 Acc: 0.5867
2025-01-27 13:32:21,863 - INFO - Confusion Matrix:
2025-01-27 13:32:21,864 - INFO - [[16 18]
 [13 28]]
2025-01-27 13:32:21,864 - INFO - F1 Score: 0.6437
2025-01-27 13:32:21,864 - INFO - False Positive Rate (FPR): 0.5294
2025-01-27 13:32:21,864 - INFO - False Negative Rate (FNR): 0.3171
2025-01-27 13:32:21,864 - INFO - AUC: 0.6542
2025-01-27 13:32:22,210 - INFO - Epoch 20/50
2025-01-27 13:32:22,211 - INFO - --------------------
2025-01-27 13:32:29,174 - INFO - train Loss: 0.2784 Acc: 0.8841
2025-01-27 13:32:29,582 - INFO - val Loss: 1.2213 Acc: 0.5600
2025-01-27 13:32:29,977 - INFO - Confusion Matrix:
2025-01-27 13:32:29,977 - INFO - [[15 19]
 [14 27]]
2025-01-27 13:32:29,977 - INFO - F1 Score: 0.6207
2025-01-27 13:32:29,977 - INFO - False Positive Rate (FPR): 0.5588
2025-01-27 13:32:29,977 - INFO - False Negative Rate (FNR): 0.3415
2025-01-27 13:32:29,977 - INFO - AUC: 0.6714
2025-01-27 13:32:30,319 - INFO - Epoch 21/50
2025-01-27 13:32:30,319 - INFO - --------------------
2025-01-27 13:32:37,280 - INFO - train Loss: 0.1996 Acc: 0.9255
2025-01-27 13:32:37,703 - INFO - val Loss: 1.4566 Acc: 0.5600
2025-01-27 13:32:38,113 - INFO - Confusion Matrix:
2025-01-27 13:32:38,114 - INFO - [[21 13]
 [20 21]]
2025-01-27 13:32:38,114 - INFO - F1 Score: 0.5600
2025-01-27 13:32:38,114 - INFO - False Positive Rate (FPR): 0.3824
2025-01-27 13:32:38,114 - INFO - False Negative Rate (FNR): 0.4878
2025-01-27 13:32:38,114 - INFO - AUC: 0.6334
2025-01-27 13:32:38,455 - INFO - Epoch 22/50
2025-01-27 13:32:38,455 - INFO - --------------------
2025-01-27 13:32:45,386 - INFO - train Loss: 0.1682 Acc: 0.9241
2025-01-27 13:32:45,816 - INFO - val Loss: 1.3088 Acc: 0.6267
2025-01-27 13:32:46,242 - INFO - Confusion Matrix:
2025-01-27 13:32:46,242 - INFO - [[22 12]
 [16 25]]
2025-01-27 13:32:46,242 - INFO - F1 Score: 0.6410
2025-01-27 13:32:46,242 - INFO - False Positive Rate (FPR): 0.3529
2025-01-27 13:32:46,242 - INFO - False Negative Rate (FNR): 0.3902
2025-01-27 13:32:46,242 - INFO - AUC: 0.6521
2025-01-27 13:32:46,641 - INFO - Epoch 23/50
2025-01-27 13:32:46,641 - INFO - --------------------
2025-01-27 13:32:53,561 - INFO - train Loss: 0.1914 Acc: 0.9076
2025-01-27 13:32:53,974 - INFO - val Loss: 1.9450 Acc: 0.5867
2025-01-27 13:32:54,380 - INFO - Confusion Matrix:
2025-01-27 13:32:54,380 - INFO - [[23 11]
 [20 21]]
2025-01-27 13:32:54,380 - INFO - F1 Score: 0.5753
2025-01-27 13:32:54,380 - INFO - False Positive Rate (FPR): 0.3235
2025-01-27 13:32:54,380 - INFO - False Negative Rate (FNR): 0.4878
2025-01-27 13:32:54,380 - INFO - AUC: 0.6657
2025-01-27 13:32:54,734 - INFO - Epoch 24/50
2025-01-27 13:32:54,734 - INFO - --------------------
2025-01-27 13:33:01,664 - INFO - train Loss: 0.1745 Acc: 0.9255
2025-01-27 13:33:02,079 - INFO - val Loss: 1.7058 Acc: 0.6267
2025-01-27 13:33:02,494 - INFO - Confusion Matrix:
2025-01-27 13:33:02,495 - INFO - [[21 13]
 [15 26]]
2025-01-27 13:33:02,495 - INFO - F1 Score: 0.6500
2025-01-27 13:33:02,495 - INFO - False Positive Rate (FPR): 0.3824
2025-01-27 13:33:02,495 - INFO - False Negative Rate (FNR): 0.3659
2025-01-27 13:33:02,495 - INFO - AUC: 0.7080
2025-01-27 13:33:02,881 - INFO - Epoch 25/50
2025-01-27 13:33:02,881 - INFO - --------------------
2025-01-27 13:33:09,849 - INFO - train Loss: 0.1977 Acc: 0.9200
2025-01-27 13:33:10,272 - INFO - val Loss: 1.6179 Acc: 0.6133
2025-01-27 13:33:10,702 - INFO - Confusion Matrix:
2025-01-27 13:33:10,703 - INFO - [[19 15]
 [14 27]]
2025-01-27 13:33:10,703 - INFO - F1 Score: 0.6506
2025-01-27 13:33:10,703 - INFO - False Positive Rate (FPR): 0.4412
2025-01-27 13:33:10,703 - INFO - False Negative Rate (FNR): 0.3415
2025-01-27 13:33:10,703 - INFO - AUC: 0.6736
2025-01-27 13:33:11,095 - INFO - Epoch 26/50
2025-01-27 13:33:11,095 - INFO - --------------------
2025-01-27 13:33:18,061 - INFO - train Loss: 0.0884 Acc: 0.9683
2025-01-27 13:33:18,471 - INFO - val Loss: 3.0280 Acc: 0.5600
2025-01-27 13:33:18,876 - INFO - Confusion Matrix:
2025-01-27 13:33:18,876 - INFO - [[17 17]
 [16 25]]
2025-01-27 13:33:18,877 - INFO - F1 Score: 0.6024
2025-01-27 13:33:18,877 - INFO - False Positive Rate (FPR): 0.5000
2025-01-27 13:33:18,877 - INFO - False Negative Rate (FNR): 0.3902
2025-01-27 13:33:18,877 - INFO - AUC: 0.6829
2025-01-27 13:33:19,210 - INFO - Epoch 27/50
2025-01-27 13:33:19,210 - INFO - --------------------
2025-01-27 13:33:26,175 - INFO - train Loss: 0.0861 Acc: 0.9710
2025-01-27 13:33:26,583 - INFO - val Loss: 2.4919 Acc: 0.5600
2025-01-27 13:33:26,992 - INFO - Confusion Matrix:
2025-01-27 13:33:26,993 - INFO - [[22 12]
 [21 20]]
2025-01-27 13:33:26,993 - INFO - F1 Score: 0.5479
2025-01-27 13:33:26,993 - INFO - False Positive Rate (FPR): 0.3529
2025-01-27 13:33:26,993 - INFO - False Negative Rate (FNR): 0.5122
2025-01-27 13:33:26,993 - INFO - AUC: 0.7066
2025-01-27 13:33:27,642 - INFO - Epoch 28/50
2025-01-27 13:33:27,642 - INFO - --------------------
2025-01-27 13:33:34,599 - INFO - train Loss: 0.2168 Acc: 0.9255
2025-01-27 13:33:35,011 - INFO - val Loss: 1.3256 Acc: 0.5467
2025-01-27 13:33:35,422 - INFO - Confusion Matrix:
2025-01-27 13:33:35,422 - INFO - [[19 15]
 [19 22]]
2025-01-27 13:33:35,422 - INFO - F1 Score: 0.5641
2025-01-27 13:33:35,422 - INFO - False Positive Rate (FPR): 0.4412
2025-01-27 13:33:35,423 - INFO - False Negative Rate (FNR): 0.4634
2025-01-27 13:33:35,423 - INFO - AUC: 0.6722
2025-01-27 13:33:35,809 - INFO - Epoch 29/50
2025-01-27 13:33:35,810 - INFO - --------------------
2025-01-27 13:33:42,756 - INFO - train Loss: 0.0596 Acc: 0.9766
2025-01-27 13:33:43,159 - INFO - val Loss: 3.3125 Acc: 0.5867
2025-01-27 13:33:43,580 - INFO - Confusion Matrix:
2025-01-27 13:33:43,580 - INFO - [[18 16]
 [15 26]]
2025-01-27 13:33:43,581 - INFO - F1 Score: 0.6265
2025-01-27 13:33:43,581 - INFO - False Positive Rate (FPR): 0.4706
2025-01-27 13:33:43,581 - INFO - False Negative Rate (FNR): 0.3659
2025-01-27 13:33:43,581 - INFO - AUC: 0.6894
2025-01-27 13:33:43,956 - INFO - Epoch 30/50
2025-01-27 13:33:43,957 - INFO - --------------------
2025-01-27 13:33:50,932 - INFO - train Loss: 0.0812 Acc: 0.9683
2025-01-27 13:33:51,356 - INFO - val Loss: 1.8946 Acc: 0.5867
2025-01-27 13:33:51,757 - INFO - Confusion Matrix:
2025-01-27 13:33:51,758 - INFO - [[19 15]
 [16 25]]
2025-01-27 13:33:51,758 - INFO - F1 Score: 0.6173
2025-01-27 13:33:51,758 - INFO - False Positive Rate (FPR): 0.4412
2025-01-27 13:33:51,758 - INFO - False Negative Rate (FNR): 0.3902
2025-01-27 13:33:51,758 - INFO - AUC: 0.6786
2025-01-27 13:33:52,108 - INFO - Epoch 31/50
2025-01-27 13:33:52,108 - INFO - --------------------
2025-01-27 13:33:59,060 - INFO - train Loss: 0.1348 Acc: 0.9503
2025-01-27 13:33:59,488 - INFO - val Loss: 2.5739 Acc: 0.6000
2025-01-27 13:33:59,929 - INFO - Confusion Matrix:
2025-01-27 13:33:59,930 - INFO - [[16 18]
 [12 29]]
2025-01-27 13:33:59,930 - INFO - F1 Score: 0.6591
2025-01-27 13:33:59,930 - INFO - False Positive Rate (FPR): 0.5294
2025-01-27 13:33:59,930 - INFO - False Negative Rate (FNR): 0.2927
2025-01-27 13:33:59,930 - INFO - AUC: 0.6406
2025-01-27 13:34:00,293 - INFO - Epoch 32/50
2025-01-27 13:34:00,293 - INFO - --------------------
2025-01-27 13:34:07,272 - INFO - train Loss: 0.0867 Acc: 0.9628
2025-01-27 13:34:07,691 - INFO - val Loss: 1.6016 Acc: 0.6133
2025-01-27 13:34:08,109 - INFO - Confusion Matrix:
2025-01-27 13:34:08,109 - INFO - [[21 13]
 [16 25]]
2025-01-27 13:34:08,109 - INFO - F1 Score: 0.6329
2025-01-27 13:34:08,109 - INFO - False Positive Rate (FPR): 0.3824
2025-01-27 13:34:08,109 - INFO - False Negative Rate (FNR): 0.3902
2025-01-27 13:34:08,109 - INFO - AUC: 0.6428
2025-01-27 13:34:08,477 - INFO - Epoch 33/50
2025-01-27 13:34:08,477 - INFO - --------------------
2025-01-27 13:34:15,468 - INFO - train Loss: 0.0428 Acc: 0.9848
2025-01-27 13:34:15,885 - INFO - val Loss: 3.7251 Acc: 0.5733
2025-01-27 13:34:16,275 - INFO - Confusion Matrix:
2025-01-27 13:34:16,275 - INFO - [[16 18]
 [14 27]]
2025-01-27 13:34:16,275 - INFO - F1 Score: 0.6279
2025-01-27 13:34:16,275 - INFO - False Positive Rate (FPR): 0.5294
2025-01-27 13:34:16,275 - INFO - False Negative Rate (FNR): 0.3415
2025-01-27 13:34:16,276 - INFO - AUC: 0.7292
2025-01-27 13:34:16,618 - INFO - Epoch 34/50
2025-01-27 13:34:16,618 - INFO - --------------------
2025-01-27 13:34:23,579 - INFO - train Loss: 0.0385 Acc: 0.9890
2025-01-27 13:34:23,999 - INFO - val Loss: 4.1499 Acc: 0.6000
2025-01-27 13:34:24,424 - INFO - Confusion Matrix:
2025-01-27 13:34:24,424 - INFO - [[18 16]
 [14 27]]
2025-01-27 13:34:24,424 - INFO - F1 Score: 0.6429
2025-01-27 13:34:24,424 - INFO - False Positive Rate (FPR): 0.4706
2025-01-27 13:34:24,424 - INFO - False Negative Rate (FNR): 0.3415
2025-01-27 13:34:24,424 - INFO - AUC: 0.6442
2025-01-27 13:34:24,763 - INFO - Epoch 35/50
2025-01-27 13:34:24,763 - INFO - --------------------
2025-01-27 13:34:31,674 - INFO - train Loss: 0.0309 Acc: 0.9848
2025-01-27 13:34:32,081 - INFO - val Loss: 3.6153 Acc: 0.5867
2025-01-27 13:34:32,509 - INFO - Confusion Matrix:
2025-01-27 13:34:32,509 - INFO - [[19 15]
 [16 25]]
2025-01-27 13:34:32,509 - INFO - F1 Score: 0.6173
2025-01-27 13:34:32,509 - INFO - False Positive Rate (FPR): 0.4412
2025-01-27 13:34:32,509 - INFO - False Negative Rate (FNR): 0.3902
2025-01-27 13:34:32,509 - INFO - AUC: 0.6603
2025-01-27 13:34:32,838 - INFO - Epoch 36/50
2025-01-27 13:34:32,838 - INFO - --------------------
2025-01-27 13:34:39,825 - INFO - train Loss: 0.0247 Acc: 0.9890
2025-01-27 13:34:40,271 - INFO - val Loss: 4.5449 Acc: 0.5867
2025-01-27 13:34:40,702 - INFO - Confusion Matrix:
2025-01-27 13:34:40,702 - INFO - [[18 16]
 [15 26]]
2025-01-27 13:34:40,702 - INFO - F1 Score: 0.6265
2025-01-27 13:34:40,702 - INFO - False Positive Rate (FPR): 0.4706
2025-01-27 13:34:40,702 - INFO - False Negative Rate (FNR): 0.3659
2025-01-27 13:34:40,702 - INFO - AUC: 0.6345
2025-01-27 13:34:41,070 - INFO - Epoch 37/50
2025-01-27 13:34:41,070 - INFO - --------------------
2025-01-27 13:34:48,007 - INFO - train Loss: 0.1353 Acc: 0.9572
2025-01-27 13:34:48,437 - INFO - val Loss: 1.7140 Acc: 0.5200
2025-01-27 13:34:48,839 - INFO - Confusion Matrix:
2025-01-27 13:34:48,840 - INFO - [[21 13]
 [23 18]]
2025-01-27 13:34:48,840 - INFO - F1 Score: 0.5000
2025-01-27 13:34:48,840 - INFO - False Positive Rate (FPR): 0.3824
2025-01-27 13:34:48,840 - INFO - False Negative Rate (FNR): 0.5610
2025-01-27 13:34:48,840 - INFO - AUC: 0.5524
2025-01-27 13:34:49,176 - INFO - Epoch 38/50
2025-01-27 13:34:49,177 - INFO - --------------------
2025-01-27 13:34:56,192 - INFO - train Loss: 0.3168 Acc: 0.8676
2025-01-27 13:34:56,606 - INFO - val Loss: 1.7488 Acc: 0.6000
2025-01-27 13:34:57,009 - INFO - Confusion Matrix:
2025-01-27 13:34:57,010 - INFO - [[16 18]
 [12 29]]
2025-01-27 13:34:57,010 - INFO - F1 Score: 0.6591
2025-01-27 13:34:57,010 - INFO - False Positive Rate (FPR): 0.5294
2025-01-27 13:34:57,010 - INFO - False Negative Rate (FNR): 0.2927
2025-01-27 13:34:57,010 - INFO - AUC: 0.7224
2025-01-27 13:34:57,378 - INFO - Epoch 39/50
2025-01-27 13:34:57,378 - INFO - --------------------
2025-01-27 13:35:04,311 - INFO - train Loss: 0.0459 Acc: 0.9834
2025-01-27 13:35:04,732 - INFO - val Loss: 2.7065 Acc: 0.6400
2025-01-27 13:35:05,149 - INFO - Confusion Matrix:
2025-01-27 13:35:05,150 - INFO - [[21 13]
 [14 27]]
2025-01-27 13:35:05,150 - INFO - F1 Score: 0.6667
2025-01-27 13:35:05,150 - INFO - False Positive Rate (FPR): 0.3824
2025-01-27 13:35:05,150 - INFO - False Negative Rate (FNR): 0.3415
2025-01-27 13:35:05,150 - INFO - AUC: 0.6976
2025-01-27 13:35:05,499 - INFO - Epoch 40/50
2025-01-27 13:35:05,499 - INFO - --------------------
2025-01-27 13:35:12,419 - INFO - train Loss: 0.0306 Acc: 0.9931
2025-01-27 13:35:12,840 - INFO - val Loss: 3.0643 Acc: 0.5733
2025-01-27 13:35:13,261 - INFO - Confusion Matrix:
2025-01-27 13:35:13,261 - INFO - [[15 19]
 [13 28]]
2025-01-27 13:35:13,261 - INFO - F1 Score: 0.6364
2025-01-27 13:35:13,261 - INFO - False Positive Rate (FPR): 0.5588
2025-01-27 13:35:13,261 - INFO - False Negative Rate (FNR): 0.3171
2025-01-27 13:35:13,262 - INFO - AUC: 0.6779
2025-01-27 13:35:13,606 - INFO - Epoch 41/50
2025-01-27 13:35:13,606 - INFO - --------------------
2025-01-27 13:35:20,589 - INFO - train Loss: 0.0087 Acc: 0.9986
2025-01-27 13:35:21,011 - INFO - val Loss: 4.6822 Acc: 0.5867
2025-01-27 13:35:21,432 - INFO - Confusion Matrix:
2025-01-27 13:35:21,432 - INFO - [[17 17]
 [14 27]]
2025-01-27 13:35:21,432 - INFO - F1 Score: 0.6353
2025-01-27 13:35:21,432 - INFO - False Positive Rate (FPR): 0.5000
2025-01-27 13:35:21,432 - INFO - False Negative Rate (FNR): 0.3415
2025-01-27 13:35:21,432 - INFO - AUC: 0.6829
2025-01-27 13:35:21,790 - INFO - Epoch 42/50
2025-01-27 13:35:21,790 - INFO - --------------------
2025-01-27 13:35:28,739 - INFO - train Loss: 0.0167 Acc: 0.9945
2025-01-27 13:35:29,154 - INFO - val Loss: 5.1204 Acc: 0.5600
2025-01-27 13:35:29,563 - INFO - Confusion Matrix:
2025-01-27 13:35:29,563 - INFO - [[19 15]
 [18 23]]
2025-01-27 13:35:29,564 - INFO - F1 Score: 0.5823
2025-01-27 13:35:29,564 - INFO - False Positive Rate (FPR): 0.4412
2025-01-27 13:35:29,564 - INFO - False Negative Rate (FNR): 0.4390
2025-01-27 13:35:29,564 - INFO - AUC: 0.7141
2025-01-27 13:35:29,946 - INFO - Epoch 43/50
2025-01-27 13:35:29,946 - INFO - --------------------
2025-01-27 13:35:36,936 - INFO - train Loss: 0.1191 Acc: 0.9476
2025-01-27 13:35:37,364 - INFO - val Loss: 2.1315 Acc: 0.5200
2025-01-27 13:35:37,784 - INFO - Confusion Matrix:
2025-01-27 13:35:37,784 - INFO - [[20 14]
 [22 19]]
2025-01-27 13:35:37,784 - INFO - F1 Score: 0.5135
2025-01-27 13:35:37,784 - INFO - False Positive Rate (FPR): 0.4118
2025-01-27 13:35:37,784 - INFO - False Negative Rate (FNR): 0.5366
2025-01-27 13:35:37,785 - INFO - AUC: 0.6801
2025-01-27 13:35:38,141 - INFO - Epoch 44/50
2025-01-27 13:35:38,142 - INFO - --------------------
2025-01-27 13:35:45,079 - INFO - train Loss: 0.0645 Acc: 0.9779
2025-01-27 13:35:45,508 - INFO - val Loss: 2.2724 Acc: 0.5067
2025-01-27 13:35:45,931 - INFO - Confusion Matrix:
2025-01-27 13:35:45,931 - INFO - [[19 15]
 [22 19]]
2025-01-27 13:35:45,931 - INFO - F1 Score: 0.5067
2025-01-27 13:35:45,931 - INFO - False Positive Rate (FPR): 0.4412
2025-01-27 13:35:45,931 - INFO - False Negative Rate (FNR): 0.5366
2025-01-27 13:35:45,931 - INFO - AUC: 0.6930
2025-01-27 13:35:46,580 - INFO - Epoch 45/50
2025-01-27 13:35:46,580 - INFO - --------------------
2025-01-27 13:35:53,532 - INFO - train Loss: 0.0432 Acc: 0.9890
2025-01-27 13:35:53,947 - INFO - val Loss: 3.3079 Acc: 0.4933
2025-01-27 13:35:54,369 - INFO - Confusion Matrix:
2025-01-27 13:35:54,369 - INFO - [[18 16]
 [22 19]]
2025-01-27 13:35:54,369 - INFO - F1 Score: 0.5000
2025-01-27 13:35:54,370 - INFO - False Positive Rate (FPR): 0.4706
2025-01-27 13:35:54,370 - INFO - False Negative Rate (FNR): 0.5366
2025-01-27 13:35:54,370 - INFO - AUC: 0.6585
2025-01-27 13:35:54,719 - INFO - Epoch 46/50
2025-01-27 13:35:54,719 - INFO - --------------------
2025-01-27 13:36:01,689 - INFO - train Loss: 0.0446 Acc: 0.9862
2025-01-27 13:36:02,115 - INFO - val Loss: 3.1891 Acc: 0.5200
2025-01-27 13:36:02,539 - INFO - Confusion Matrix:
2025-01-27 13:36:02,539 - INFO - [[20 14]
 [22 19]]
2025-01-27 13:36:02,539 - INFO - F1 Score: 0.5135
2025-01-27 13:36:02,539 - INFO - False Positive Rate (FPR): 0.4118
2025-01-27 13:36:02,539 - INFO - False Negative Rate (FNR): 0.5366
2025-01-27 13:36:02,540 - INFO - AUC: 0.7037
2025-01-27 13:36:02,862 - INFO - Epoch 47/50
2025-01-27 13:36:02,863 - INFO - --------------------
2025-01-27 13:36:09,794 - INFO - train Loss: 0.0144 Acc: 0.9972
2025-01-27 13:36:10,216 - INFO - val Loss: 4.6537 Acc: 0.5467
2025-01-27 13:36:10,625 - INFO - Confusion Matrix:
2025-01-27 13:36:10,626 - INFO - [[20 14]
 [20 21]]
2025-01-27 13:36:10,626 - INFO - F1 Score: 0.5526
2025-01-27 13:36:10,626 - INFO - False Positive Rate (FPR): 0.4118
2025-01-27 13:36:10,626 - INFO - False Negative Rate (FNR): 0.4878
2025-01-27 13:36:10,626 - INFO - AUC: 0.6775
2025-01-27 13:36:10,976 - INFO - Epoch 48/50
2025-01-27 13:36:10,976 - INFO - --------------------
2025-01-27 13:36:17,934 - INFO - train Loss: 0.0368 Acc: 0.9876
2025-01-27 13:36:18,369 - INFO - val Loss: 2.4807 Acc: 0.5333
2025-01-27 13:36:18,790 - INFO - Confusion Matrix:
2025-01-27 13:36:18,791 - INFO - [[16 18]
 [17 24]]
2025-01-27 13:36:18,791 - INFO - F1 Score: 0.5783
2025-01-27 13:36:18,791 - INFO - False Positive Rate (FPR): 0.5294
2025-01-27 13:36:18,791 - INFO - False Negative Rate (FNR): 0.4146
2025-01-27 13:36:18,791 - INFO - AUC: 0.6707
2025-01-27 13:36:19,157 - INFO - Epoch 49/50
2025-01-27 13:36:19,157 - INFO - --------------------
2025-01-27 13:36:26,132 - INFO - train Loss: 0.0167 Acc: 0.9931
2025-01-27 13:36:26,569 - INFO - val Loss: 4.1514 Acc: 0.5867
2025-01-27 13:36:27,002 - INFO - Confusion Matrix:
2025-01-27 13:36:27,003 - INFO - [[19 15]
 [16 25]]
2025-01-27 13:36:27,003 - INFO - F1 Score: 0.6173
2025-01-27 13:36:27,003 - INFO - False Positive Rate (FPR): 0.4412
2025-01-27 13:36:27,003 - INFO - False Negative Rate (FNR): 0.3902
2025-01-27 13:36:27,003 - INFO - AUC: 0.6266
2025-01-27 13:36:27,381 - INFO - Epoch 50/50
2025-01-27 13:36:27,381 - INFO - --------------------
2025-01-27 13:36:34,364 - INFO - train Loss: 0.0040 Acc: 0.9986
2025-01-27 13:36:34,799 - INFO - val Loss: 4.3060 Acc: 0.5867
2025-01-27 13:36:35,226 - INFO - Confusion Matrix:
2025-01-27 13:36:35,226 - INFO - [[19 15]
 [16 25]]
2025-01-27 13:36:35,226 - INFO - F1 Score: 0.6173
2025-01-27 13:36:35,226 - INFO - False Positive Rate (FPR): 0.4412
2025-01-27 13:36:35,226 - INFO - False Negative Rate (FNR): 0.3902
2025-01-27 13:36:35,226 - INFO - AUC: 0.6582
2025-01-27 13:36:35,555 - INFO - Melhor acurácia na validação: 0.6800
